mode: set
github.com/Edge-Center/edgecentercloud-go/v2/util/flavors.go:9.112,11.16 2 1
github.com/Edge-Center/edgecentercloud-go/v2/util/flavors.go:11.16,13.3 1 1
github.com/Edge-Center/edgecentercloud-go/v2/util/flavors.go:15.2,15.28 1 1
github.com/Edge-Center/edgecentercloud-go/v2/util/flavors.go:15.28,16.33 1 1
github.com/Edge-Center/edgecentercloud-go/v2/util/flavors.go:16.33,18.4 1 1
github.com/Edge-Center/edgecentercloud-go/v2/util/flavors.go:21.2,21.19 1 1
github.com/Edge-Center/edgecentercloud-go/v2/util/flavors.go:24.100,26.16 2 1
github.com/Edge-Center/edgecentercloud-go/v2/util/flavors.go:26.16,28.3 1 1
github.com/Edge-Center/edgecentercloud-go/v2/util/flavors.go:30.2,30.28 1 1
github.com/Edge-Center/edgecentercloud-go/v2/util/flavors.go:30.28,31.33 1 1
github.com/Edge-Center/edgecentercloud-go/v2/util/flavors.go:31.33,33.4 1 1
github.com/Edge-Center/edgecentercloud-go/v2/util/flavors.go:36.2,36.19 1 1
github.com/Edge-Center/edgecentercloud-go/v2/util/flavors.go:39.174,41.16 2 1
github.com/Edge-Center/edgecentercloud-go/v2/util/flavors.go:41.16,43.3 1 1
github.com/Edge-Center/edgecentercloud-go/v2/util/flavors.go:45.2,45.28 1 1
github.com/Edge-Center/edgecentercloud-go/v2/util/flavors.go:45.28,46.33 1 1
github.com/Edge-Center/edgecentercloud-go/v2/util/flavors.go:46.33,48.4 1 1
github.com/Edge-Center/edgecentercloud-go/v2/util/flavors.go:51.2,51.19 1 1
github.com/Edge-Center/edgecentercloud-go/v2/util/floatingips.go:15.124,19.16 3 1
github.com/Edge-Center/edgecentercloud-go/v2/util/floatingips.go:19.16,21.3 1 1
github.com/Edge-Center/edgecentercloud-go/v2/util/floatingips.go:23.2,23.27 1 1
github.com/Edge-Center/edgecentercloud-go/v2/util/floatingips.go:23.27,24.27 1 1
github.com/Edge-Center/edgecentercloud-go/v2/util/floatingips.go:24.27,26.4 1 1
github.com/Edge-Center/edgecentercloud-go/v2/util/floatingips.go:29.2,29.27 1 1
github.com/Edge-Center/edgecentercloud-go/v2/util/floatingips.go:29.27,31.3 1 1
github.com/Edge-Center/edgecentercloud-go/v2/util/floatingips.go:33.2,33.25 1 1
github.com/Edge-Center/edgecentercloud-go/v2/util/floatingips.go:36.140,38.16 2 1
github.com/Edge-Center/edgecentercloud-go/v2/util/floatingips.go:38.16,40.3 1 1
github.com/Edge-Center/edgecentercloud-go/v2/util/floatingips.go:42.2,44.27 3 1
github.com/Edge-Center/edgecentercloud-go/v2/util/floatingips.go:44.27,45.49 1 1
github.com/Edge-Center/edgecentercloud-go/v2/util/floatingips.go:45.49,48.9 3 1
github.com/Edge-Center/edgecentercloud-go/v2/util/floatingips.go:52.2,52.12 1 1
github.com/Edge-Center/edgecentercloud-go/v2/util/floatingips.go:52.12,54.3 1 1
github.com/Edge-Center/edgecentercloud-go/v2/util/floatingips.go:56.2,56.25 1 1
github.com/Edge-Center/edgecentercloud-go/v2/util/floatingips.go:59.118,61.16 2 1
github.com/Edge-Center/edgecentercloud-go/v2/util/floatingips.go:61.16,63.3 1 1
github.com/Edge-Center/edgecentercloud-go/v2/util/floatingips.go:65.2,67.27 3 1
github.com/Edge-Center/edgecentercloud-go/v2/util/floatingips.go:67.27,68.19 1 1
github.com/Edge-Center/edgecentercloud-go/v2/util/floatingips.go:68.19,71.9 3 1
github.com/Edge-Center/edgecentercloud-go/v2/util/floatingips.go:75.2,75.12 1 1
github.com/Edge-Center/edgecentercloud-go/v2/util/floatingips.go:75.12,77.3 1 1
github.com/Edge-Center/edgecentercloud-go/v2/util/floatingips.go:79.2,79.25 1 1
github.com/Edge-Center/edgecentercloud-go/v2/util/instances.go:19.117,21.16 2 1
github.com/Edge-Center/edgecentercloud-go/v2/util/instances.go:21.16,23.3 1 1
github.com/Edge-Center/edgecentercloud-go/v2/util/instances.go:25.2,26.16 1 1
github.com/Edge-Center/edgecentercloud-go/v2/util/instances.go:26.16,28.18 2 1
github.com/Edge-Center/edgecentercloud-go/v2/util/instances.go:28.18,30.5 1 1
github.com/Edge-Center/edgecentercloud-go/v2/util/instances.go:32.4,32.48 1 1
github.com/Edge-Center/edgecentercloud-go/v2/util/instances.go:32.48,34.5 1 1
github.com/Edge-Center/edgecentercloud-go/v2/util/instances.go:36.4,36.32 1 1
github.com/Edge-Center/edgecentercloud-go/v2/util/instances.go:42.158,44.16 2 1
github.com/Edge-Center/edgecentercloud-go/v2/util/instances.go:44.16,46.3 1 0
github.com/Edge-Center/edgecentercloud-go/v2/util/instances.go:47.2,47.42 1 1
github.com/Edge-Center/edgecentercloud-go/v2/util/instances.go:47.42,48.29 1 1
github.com/Edge-Center/edgecentercloud-go/v2/util/instances.go:48.29,50.4 1 1
github.com/Edge-Center/edgecentercloud-go/v2/util/instances.go:53.2,53.142 1 0
github.com/Edge-Center/edgecentercloud-go/v2/util/instances.go:56.144,58.16 2 0
github.com/Edge-Center/edgecentercloud-go/v2/util/instances.go:58.16,60.3 1 0
github.com/Edge-Center/edgecentercloud-go/v2/util/instances.go:61.2,61.40 1 0
github.com/Edge-Center/edgecentercloud-go/v2/util/instances.go:61.40,62.24 1 0
github.com/Edge-Center/edgecentercloud-go/v2/util/instances.go:62.24,64.4 1 0
github.com/Edge-Center/edgecentercloud-go/v2/util/instances.go:67.2,67.127 1 0
github.com/Edge-Center/edgecentercloud-go/v2/util/l7policies.go:13.129,17.16 3 1
github.com/Edge-Center/edgecentercloud-go/v2/util/l7policies.go:17.16,19.3 1 1
github.com/Edge-Center/edgecentercloud-go/v2/util/l7policies.go:21.2,21.38 1 1
github.com/Edge-Center/edgecentercloud-go/v2/util/l7policies.go:21.38,22.40 1 1
github.com/Edge-Center/edgecentercloud-go/v2/util/l7policies.go:22.40,24.4 1 1
github.com/Edge-Center/edgecentercloud-go/v2/util/l7policies.go:27.2,27.25 1 1
github.com/Edge-Center/edgecentercloud-go/v2/util/l7policies.go:27.25,29.3 1 1
github.com/Edge-Center/edgecentercloud-go/v2/util/l7policies.go:31.2,31.23 1 1
github.com/Edge-Center/edgecentercloud-go/v2/util/l7policies.go:34.117,36.16 2 1
github.com/Edge-Center/edgecentercloud-go/v2/util/l7policies.go:36.16,38.3 1 0
github.com/Edge-Center/edgecentercloud-go/v2/util/l7policies.go:39.2,40.37 2 1
github.com/Edge-Center/edgecentercloud-go/v2/util/l7policies.go:40.37,41.26 1 1
github.com/Edge-Center/edgecentercloud-go/v2/util/l7policies.go:41.26,43.4 1 1
github.com/Edge-Center/edgecentercloud-go/v2/util/l7policies.go:46.2,47.29 2 1
github.com/Edge-Center/edgecentercloud-go/v2/util/l7policies.go:48.9,49.32 1 1
github.com/Edge-Center/edgecentercloud-go/v2/util/l7policies.go:50.9,51.107 1 0
github.com/Edge-Center/edgecentercloud-go/v2/util/l7policies.go:52.10,53.120 1 0
github.com/Edge-Center/edgecentercloud-go/v2/util/l7policies.go:56.2,56.22 1 1
github.com/Edge-Center/edgecentercloud-go/v2/util/loadbalancer.go:21.121,25.16 3 1
github.com/Edge-Center/edgecentercloud-go/v2/util/loadbalancer.go:25.16,27.3 1 1
github.com/Edge-Center/edgecentercloud-go/v2/util/loadbalancer.go:29.2,29.25 1 1
github.com/Edge-Center/edgecentercloud-go/v2/util/loadbalancer.go:29.25,32.71 1 1
github.com/Edge-Center/edgecentercloud-go/v2/util/loadbalancer.go:32.71,34.4 1 1
github.com/Edge-Center/edgecentercloud-go/v2/util/loadbalancer.go:37.2,37.25 1 1
github.com/Edge-Center/edgecentercloud-go/v2/util/loadbalancer.go:38.9,39.29 1 1
github.com/Edge-Center/edgecentercloud-go/v2/util/loadbalancer.go:40.9,41.39 1 1
github.com/Edge-Center/edgecentercloud-go/v2/util/loadbalancer.go:42.10,43.33 1 1
github.com/Edge-Center/edgecentercloud-go/v2/util/loadbalancer.go:47.131,54.16 4 1
github.com/Edge-Center/edgecentercloud-go/v2/util/loadbalancer.go:54.16,56.3 1 1
github.com/Edge-Center/edgecentercloud-go/v2/util/loadbalancer.go:58.2,58.34 1 1
github.com/Edge-Center/edgecentercloud-go/v2/util/loadbalancer.go:58.34,61.72 1 1
github.com/Edge-Center/edgecentercloud-go/v2/util/loadbalancer.go:61.72,63.4 1 1
github.com/Edge-Center/edgecentercloud-go/v2/util/loadbalancer.go:66.2,66.33 1 1
github.com/Edge-Center/edgecentercloud-go/v2/util/loadbalancer.go:67.9,68.37 1 1
github.com/Edge-Center/edgecentercloud-go/v2/util/loadbalancer.go:69.9,70.46 1 1
github.com/Edge-Center/edgecentercloud-go/v2/util/loadbalancer.go:71.10,72.33 1 1
github.com/Edge-Center/edgecentercloud-go/v2/util/loadbalancer.go:76.123,84.16 4 1
github.com/Edge-Center/edgecentercloud-go/v2/util/loadbalancer.go:84.16,86.3 1 1
github.com/Edge-Center/edgecentercloud-go/v2/util/loadbalancer.go:88.2,88.31 1 1
github.com/Edge-Center/edgecentercloud-go/v2/util/loadbalancer.go:88.31,91.73 1 1
github.com/Edge-Center/edgecentercloud-go/v2/util/loadbalancer.go:91.73,93.4 1 1
github.com/Edge-Center/edgecentercloud-go/v2/util/loadbalancer.go:96.2,96.29 1 1
github.com/Edge-Center/edgecentercloud-go/v2/util/loadbalancer.go:97.9,98.33 1 1
github.com/Edge-Center/edgecentercloud-go/v2/util/loadbalancer.go:99.9,100.43 1 1
github.com/Edge-Center/edgecentercloud-go/v2/util/loadbalancer.go:101.10,102.33 1 1
github.com/Edge-Center/edgecentercloud-go/v2/util/loadbalancer.go:106.127,108.16 2 1
github.com/Edge-Center/edgecentercloud-go/v2/util/loadbalancer.go:108.16,110.3 1 1
github.com/Edge-Center/edgecentercloud-go/v2/util/loadbalancer.go:112.2,112.40 1 1
github.com/Edge-Center/edgecentercloud-go/v2/util/loadbalancer.go:112.40,113.28 1 1
github.com/Edge-Center/edgecentercloud-go/v2/util/loadbalancer.go:113.28,115.4 1 1
github.com/Edge-Center/edgecentercloud-go/v2/util/loadbalancer.go:118.2,118.48 1 1
github.com/Edge-Center/edgecentercloud-go/v2/util/loadbalancer.go:121.119,128.16 4 1
github.com/Edge-Center/edgecentercloud-go/v2/util/loadbalancer.go:128.16,130.3 1 1
github.com/Edge-Center/edgecentercloud-go/v2/util/loadbalancer.go:132.2,132.31 1 1
github.com/Edge-Center/edgecentercloud-go/v2/util/loadbalancer.go:132.31,133.30 1 1
github.com/Edge-Center/edgecentercloud-go/v2/util/loadbalancer.go:133.30,135.4 1 1
github.com/Edge-Center/edgecentercloud-go/v2/util/loadbalancer.go:138.2,138.25 1 1
github.com/Edge-Center/edgecentercloud-go/v2/util/loadbalancer.go:141.139,143.16 1 1
github.com/Edge-Center/edgecentercloud-go/v2/util/loadbalancer.go:143.16,145.18 2 1
github.com/Edge-Center/edgecentercloud-go/v2/util/loadbalancer.go:145.18,147.5 1 1
github.com/Edge-Center/edgecentercloud-go/v2/util/loadbalancer.go:149.4,149.43 1 1
github.com/Edge-Center/edgecentercloud-go/v2/util/loadbalancer.go:150.44,151.15 1 1
github.com/Edge-Center/edgecentercloud-go/v2/util/loadbalancer.go:152.43,153.25 1 1
github.com/Edge-Center/edgecentercloud-go/v2/util/loadbalancer.go:154.12,155.30 1 1
github.com/Edge-Center/edgecentercloud-go/v2/util/loadbalancer.go:162.127,163.38 1 1
github.com/Edge-Center/edgecentercloud-go/v2/util/loadbalancer.go:163.38,164.28 1 1
github.com/Edge-Center/edgecentercloud-go/v2/util/loadbalancer.go:164.28,165.12 1 1
github.com/Edge-Center/edgecentercloud-go/v2/util/loadbalancer.go:168.3,168.111 1 1
github.com/Edge-Center/edgecentercloud-go/v2/util/loadbalancer.go:168.111,170.9 2 1
github.com/Edge-Center/edgecentercloud-go/v2/util/loadbalancer.go:174.2,174.14 1 1
github.com/Edge-Center/edgecentercloud-go/v2/util/loadbalancer.go:177.112,179.16 2 1
github.com/Edge-Center/edgecentercloud-go/v2/util/loadbalancer.go:179.16,180.51 1 1
github.com/Edge-Center/edgecentercloud-go/v2/util/loadbalancer.go:180.51,182.4 1 1
github.com/Edge-Center/edgecentercloud-go/v2/util/loadbalancer.go:183.3,183.13 1 1
github.com/Edge-Center/edgecentercloud-go/v2/util/loadbalancer.go:186.2,187.16 2 1
github.com/Edge-Center/edgecentercloud-go/v2/util/loadbalancer.go:187.16,189.3 1 1
github.com/Edge-Center/edgecentercloud-go/v2/util/loadbalancer.go:191.2,191.56 1 1
github.com/Edge-Center/edgecentercloud-go/v2/util/loadbalancer.go:194.142,195.35 1 1
github.com/Edge-Center/edgecentercloud-go/v2/util/loadbalancer.go:195.35,199.39 3 1
github.com/Edge-Center/edgecentercloud-go/v2/util/loadbalancer.go:199.39,200.29 1 1
github.com/Edge-Center/edgecentercloud-go/v2/util/loadbalancer.go:200.29,202.10 2 1
github.com/Edge-Center/edgecentercloud-go/v2/util/loadbalancer.go:206.3,206.13 1 1
github.com/Edge-Center/edgecentercloud-go/v2/util/loadbalancer.go:206.13,208.18 2 1
github.com/Edge-Center/edgecentercloud-go/v2/util/loadbalancer.go:208.18,210.5 1 1
github.com/Edge-Center/edgecentercloud-go/v2/util/loadbalancer.go:211.4,211.73 1 1
github.com/Edge-Center/edgecentercloud-go/v2/util/loadbalancer.go:211.73,213.5 1 1
github.com/Edge-Center/edgecentercloud-go/v2/util/loadbalancer.go:215.4,215.95 1 1
github.com/Edge-Center/edgecentercloud-go/v2/util/loadbalancer.go:215.95,217.5 1 1
github.com/Edge-Center/edgecentercloud-go/v2/util/loadbalancer.go:221.2,221.12 1 1
github.com/Edge-Center/edgecentercloud-go/v2/util/random.go:15.107,17.20 2 1
github.com/Edge-Center/edgecentercloud-go/v2/util/random.go:17.20,19.3 1 1
github.com/Edge-Center/edgecentercloud-go/v2/util/random.go:20.2,20.19 1 1
github.com/Edge-Center/edgecentercloud-go/v2/util/random.go:20.19,22.3 1 1
github.com/Edge-Center/edgecentercloud-go/v2/util/random.go:23.2,23.20 1 1
github.com/Edge-Center/edgecentercloud-go/v2/util/random.go:23.20,25.3 1 1
github.com/Edge-Center/edgecentercloud-go/v2/util/random.go:26.2,26.17 1 1
github.com/Edge-Center/edgecentercloud-go/v2/util/random.go:26.17,28.3 1 1
github.com/Edge-Center/edgecentercloud-go/v2/util/random.go:30.2,32.16 3 1
github.com/Edge-Center/edgecentercloud-go/v2/util/random.go:32.16,34.3 1 0
github.com/Edge-Center/edgecentercloud-go/v2/util/random.go:36.2,37.22 2 1
github.com/Edge-Center/edgecentercloud-go/v2/util/random.go:37.22,39.3 1 1
github.com/Edge-Center/edgecentercloud-go/v2/util/random.go:41.2,41.25 1 1
github.com/Edge-Center/edgecentercloud-go/v2/util/resource.go:21.105,23.16 2 1
github.com/Edge-Center/edgecentercloud-go/v2/util/resource.go:23.16,25.3 1 1
github.com/Edge-Center/edgecentercloud-go/v2/util/resource.go:27.2,27.44 1 1
github.com/Edge-Center/edgecentercloud-go/v2/util/resource.go:27.44,29.3 1 1
github.com/Edge-Center/edgecentercloud-go/v2/util/resource.go:31.2,31.27 1 1
github.com/Edge-Center/edgecentercloud-go/v2/util/resource.go:34.111,37.25 2 1
github.com/Edge-Center/edgecentercloud-go/v2/util/resource.go:38.21,39.19 1 1
github.com/Edge-Center/edgecentercloud-go/v2/util/resource.go:40.49,41.20 1 1
github.com/Edge-Center/edgecentercloud-go/v2/util/resource.go:42.10,43.105 1 1
github.com/Edge-Center/edgecentercloud-go/v2/util/resource.go:47.149,50.10 1 1
github.com/Edge-Center/edgecentercloud-go/v2/util/resource.go:50.10,52.17 2 1
github.com/Edge-Center/edgecentercloud-go/v2/util/resource.go:52.17,54.4 1 1
github.com/Edge-Center/edgecentercloud-go/v2/util/resource.go:55.3,55.70 1 1
github.com/Edge-Center/edgecentercloud-go/v2/util/resource.go:58.2,58.30 1 1
github.com/Edge-Center/edgecentercloud-go/v2/util/resource.go:59.38,60.49 1 1
github.com/Edge-Center/edgecentercloud-go/v2/util/resource.go:60.49,62.4 1 1
github.com/Edge-Center/edgecentercloud-go/v2/util/resource.go:63.3,63.51 1 1
github.com/Edge-Center/edgecentercloud-go/v2/util/resource.go:64.36,65.49 1 1
github.com/Edge-Center/edgecentercloud-go/v2/util/resource.go:65.49,67.4 1 1
github.com/Edge-Center/edgecentercloud-go/v2/util/resource.go:68.3,68.51 1 1
github.com/Edge-Center/edgecentercloud-go/v2/util/resource.go:69.32,70.49 1 1
github.com/Edge-Center/edgecentercloud-go/v2/util/resource.go:70.49,72.4 1 1
github.com/Edge-Center/edgecentercloud-go/v2/util/resource.go:73.3,73.51 1 1
github.com/Edge-Center/edgecentercloud-go/v2/util/resource.go:74.35,75.49 1 1
github.com/Edge-Center/edgecentercloud-go/v2/util/resource.go:75.49,77.4 1 1
github.com/Edge-Center/edgecentercloud-go/v2/util/resource.go:78.3,78.51 1 1
github.com/Edge-Center/edgecentercloud-go/v2/util/resource.go:79.34,80.49 1 1
github.com/Edge-Center/edgecentercloud-go/v2/util/resource.go:80.49,82.4 1 1
github.com/Edge-Center/edgecentercloud-go/v2/util/resource.go:83.3,83.51 1 1
github.com/Edge-Center/edgecentercloud-go/v2/util/resource.go:84.10,85.48 1 1
github.com/Edge-Center/edgecentercloud-go/v2/util/retry.go:7.61,8.21 1 1
github.com/Edge-Center/edgecentercloud-go/v2/util/retry.go:8.21,11.3 2 1
github.com/Edge-Center/edgecentercloud-go/v2/util/retry.go:13.2,17.3 1 1
github.com/Edge-Center/edgecentercloud-go/v2/util/securitygroups.go:18.81,38.2 1 1
github.com/Edge-Center/edgecentercloud-go/v2/util/securitygroups.go:40.58,43.37 3 1
github.com/Edge-Center/edgecentercloud-go/v2/util/securitygroups.go:43.37,45.3 1 1
github.com/Edge-Center/edgecentercloud-go/v2/util/securitygroups.go:47.2,47.16 1 1
github.com/Edge-Center/edgecentercloud-go/v2/util/securitygroups.go:50.141,52.16 2 1
github.com/Edge-Center/edgecentercloud-go/v2/util/securitygroups.go:52.16,54.3 1 0
github.com/Edge-Center/edgecentercloud-go/v2/util/securitygroups.go:56.2,57.28 2 1
github.com/Edge-Center/edgecentercloud-go/v2/util/securitygroups.go:57.28,59.3 1 1
github.com/Edge-Center/edgecentercloud-go/v2/util/securitygroups.go:61.2,61.35 1 1
github.com/Edge-Center/edgecentercloud-go/v2/util/securitygroups.go:61.35,62.36 1 1
github.com/Edge-Center/edgecentercloud-go/v2/util/securitygroups.go:62.36,64.4 1 1
github.com/Edge-Center/edgecentercloud-go/v2/util/securitygroups.go:64.9,66.4 1 0
github.com/Edge-Center/edgecentercloud-go/v2/util/securitygroups.go:69.2,69.17 1 1
github.com/Edge-Center/edgecentercloud-go/v2/util/securitygroups.go:72.101,74.16 2 1
github.com/Edge-Center/edgecentercloud-go/v2/util/securitygroups.go:74.16,76.3 1 0
github.com/Edge-Center/edgecentercloud-go/v2/util/securitygroups.go:77.2,77.86 1 1
github.com/Edge-Center/edgecentercloud-go/v2/util/securitygroups.go:77.86,79.3 1 1
github.com/Edge-Center/edgecentercloud-go/v2/util/securitygroups.go:80.2,80.25 1 1
github.com/Edge-Center/edgecentercloud-go/v2/util/securitygroups.go:80.25,82.3 1 1
github.com/Edge-Center/edgecentercloud-go/v2/util/securitygroups.go:84.2,84.34 1 0
github.com/Edge-Center/edgecentercloud-go/v2/util/server_groups.go:12.129,14.16 2 1
github.com/Edge-Center/edgecentercloud-go/v2/util/server_groups.go:14.16,16.3 1 1
github.com/Edge-Center/edgecentercloud-go/v2/util/server_groups.go:18.2,18.25 1 1
github.com/Edge-Center/edgecentercloud-go/v2/util/server_groups.go:18.25,19.41 1 1
github.com/Edge-Center/edgecentercloud-go/v2/util/server_groups.go:19.41,20.41 1 1
github.com/Edge-Center/edgecentercloud-go/v2/util/server_groups.go:20.41,22.5 1 1
github.com/Edge-Center/edgecentercloud-go/v2/util/server_groups.go:26.2,26.36 1 1
github.com/Edge-Center/edgecentercloud-go/v2/util/snapshots.go:17.141,21.16 3 1
github.com/Edge-Center/edgecentercloud-go/v2/util/snapshots.go:21.16,23.3 1 1
github.com/Edge-Center/edgecentercloud-go/v2/util/snapshots.go:25.2,25.32 1 1
github.com/Edge-Center/edgecentercloud-go/v2/util/snapshots.go:25.32,26.28 1 1
github.com/Edge-Center/edgecentercloud-go/v2/util/snapshots.go:26.28,28.4 1 1
github.com/Edge-Center/edgecentercloud-go/v2/util/snapshots.go:31.2,31.25 1 1
github.com/Edge-Center/edgecentercloud-go/v2/util/snapshots.go:31.25,33.3 1 1
github.com/Edge-Center/edgecentercloud-go/v2/util/snapshots.go:35.2,35.23 1 1
github.com/Edge-Center/edgecentercloud-go/v2/util/snapshots.go:38.137,42.16 3 1
github.com/Edge-Center/edgecentercloud-go/v2/util/snapshots.go:42.16,44.3 1 1
github.com/Edge-Center/edgecentercloud-go/v2/util/snapshots.go:46.2,46.32 1 1
github.com/Edge-Center/edgecentercloud-go/v2/util/snapshots.go:46.32,47.24 1 1
github.com/Edge-Center/edgecentercloud-go/v2/util/snapshots.go:47.24,49.4 1 1
github.com/Edge-Center/edgecentercloud-go/v2/util/snapshots.go:52.2,52.25 1 1
github.com/Edge-Center/edgecentercloud-go/v2/util/snapshots.go:52.25,54.3 1 1
github.com/Edge-Center/edgecentercloud-go/v2/util/snapshots.go:56.2,56.23 1 1
github.com/Edge-Center/edgecentercloud-go/v2/util/snapshots.go:59.118,61.16 1 1
github.com/Edge-Center/edgecentercloud-go/v2/util/snapshots.go:61.16,63.18 2 1
github.com/Edge-Center/edgecentercloud-go/v2/util/snapshots.go:63.18,65.5 1 1
github.com/Edge-Center/edgecentercloud-go/v2/util/snapshots.go:67.4,67.46 1 1
github.com/Edge-Center/edgecentercloud-go/v2/util/snapshots.go:67.46,69.5 1 1
github.com/Edge-Center/edgecentercloud-go/v2/util/snapshots.go:71.4,71.30 1 1
github.com/Edge-Center/edgecentercloud-go/v2/util/task.go:55.167,57.16 2 1
github.com/Edge-Center/edgecentercloud-go/v2/util/task.go:57.16,59.3 1 0
github.com/Edge-Center/edgecentercloud-go/v2/util/task.go:61.2,62.16 2 1
github.com/Edge-Center/edgecentercloud-go/v2/util/task.go:62.16,64.3 1 0
github.com/Edge-Center/edgecentercloud-go/v2/util/task.go:66.2,66.44 1 1
github.com/Edge-Center/edgecentercloud-go/v2/util/task.go:69.75,71.76 2 1
github.com/Edge-Center/edgecentercloud-go/v2/util/task.go:71.76,73.3 1 0
github.com/Edge-Center/edgecentercloud-go/v2/util/task.go:75.2,75.21 1 1
github.com/Edge-Center/edgecentercloud-go/v2/util/task.go:79.102,81.6 2 1
github.com/Edge-Center/edgecentercloud-go/v2/util/task.go:81.6,83.17 2 1
github.com/Edge-Center/edgecentercloud-go/v2/util/task.go:83.17,84.32 1 0
github.com/Edge-Center/edgecentercloud-go/v2/util/task.go:84.32,87.13 3 0
github.com/Edge-Center/edgecentercloud-go/v2/util/task.go:90.4,90.19 1 0
github.com/Edge-Center/edgecentercloud-go/v2/util/task.go:93.3,93.25 1 1
github.com/Edge-Center/edgecentercloud-go/v2/util/task.go:94.59,95.54 1 1
github.com/Edge-Center/edgecentercloud-go/v2/util/task.go:96.33,97.29 1 1
github.com/Edge-Center/edgecentercloud-go/v2/util/task.go:97.29,99.5 1 0
github.com/Edge-Center/edgecentercloud-go/v2/util/task.go:99.10,101.5 1 1
github.com/Edge-Center/edgecentercloud-go/v2/util/task.go:103.4,103.19 1 1
github.com/Edge-Center/edgecentercloud-go/v2/util/task.go:104.36,105.24 1 1
github.com/Edge-Center/edgecentercloud-go/v2/util/task.go:106.11,107.75 1 1
github.com/Edge-Center/edgecentercloud-go/v2/util/task.go:112.121,115.23 2 1
github.com/Edge-Center/edgecentercloud-go/v2/util/task.go:115.23,117.3 1 1
github.com/Edge-Center/edgecentercloud-go/v2/util/task.go:119.2,120.12 2 1
github.com/Edge-Center/edgecentercloud-go/v2/util/task.go:120.12,124.3 3 1
github.com/Edge-Center/edgecentercloud-go/v2/util/task.go:126.2,126.9 1 1
github.com/Edge-Center/edgecentercloud-go/v2/util/task.go:127.21,128.13 1 1
github.com/Edge-Center/edgecentercloud-go/v2/util/task.go:129.29,130.69 1 1
github.com/Edge-Center/edgecentercloud-go/v2/util/task.go:134.139,137.23 2 1
github.com/Edge-Center/edgecentercloud-go/v2/util/task.go:137.23,139.3 1 1
github.com/Edge-Center/edgecentercloud-go/v2/util/task.go:141.2,145.12 4 1
github.com/Edge-Center/edgecentercloud-go/v2/util/task.go:145.12,148.3 2 1
github.com/Edge-Center/edgecentercloud-go/v2/util/task.go:150.2,150.9 1 1
github.com/Edge-Center/edgecentercloud-go/v2/util/task.go:151.14,152.27 1 1
github.com/Edge-Center/edgecentercloud-go/v2/util/task.go:153.29,154.78 1 0
github.com/Edge-Center/edgecentercloud-go/v2/util/volumes.go:16.112,20.16 3 1
github.com/Edge-Center/edgecentercloud-go/v2/util/volumes.go:20.16,22.3 1 1
github.com/Edge-Center/edgecentercloud-go/v2/util/volumes.go:24.2,24.33 1 1
github.com/Edge-Center/edgecentercloud-go/v2/util/volumes.go:24.33,25.26 1 1
github.com/Edge-Center/edgecentercloud-go/v2/util/volumes.go:25.26,27.4 1 1
github.com/Edge-Center/edgecentercloud-go/v2/util/volumes.go:30.2,30.23 1 1
github.com/Edge-Center/edgecentercloud-go/v2/util/volumes.go:30.23,32.3 1 1
github.com/Edge-Center/edgecentercloud-go/v2/util/volumes.go:34.2,34.21 1 1
github.com/Edge-Center/edgecentercloud-go/v2/util/volumes.go:37.133,39.16 1 1
github.com/Edge-Center/edgecentercloud-go/v2/util/volumes.go:39.16,41.18 2 1
github.com/Edge-Center/edgecentercloud-go/v2/util/volumes.go:41.18,43.5 1 1
github.com/Edge-Center/edgecentercloud-go/v2/util/volumes.go:45.4,45.50 1 1
github.com/Edge-Center/edgecentercloud-go/v2/util/volumes.go:45.50,46.42 1 1
github.com/Edge-Center/edgecentercloud-go/v2/util/volumes.go:46.42,48.6 1 1
github.com/Edge-Center/edgecentercloud-go/v2/util/volumes.go:51.4,51.32 1 1
github.com/Edge-Center/edgecentercloud-go/v2/util/volumes.go:57.135,59.16 1 1
github.com/Edge-Center/edgecentercloud-go/v2/util/volumes.go:59.16,61.18 2 1
github.com/Edge-Center/edgecentercloud-go/v2/util/volumes.go:61.18,63.5 1 1
github.com/Edge-Center/edgecentercloud-go/v2/util/volumes.go:65.4,65.36 1 1
github.com/Edge-Center/edgecentercloud-go/v2/util/volumes.go:65.36,67.5 1 1
github.com/Edge-Center/edgecentercloud-go/v2/util/volumes.go:69.4,70.50 2 1
github.com/Edge-Center/edgecentercloud-go/v2/util/volumes.go:70.50,71.42 1 1
github.com/Edge-Center/edgecentercloud-go/v2/util/volumes.go:71.42,73.11 2 1
github.com/Edge-Center/edgecentercloud-go/v2/util/volumes.go:77.4,77.17 1 1
github.com/Edge-Center/edgecentercloud-go/v2/util/volumes.go:77.17,79.5 1 1
github.com/Edge-Center/edgecentercloud-go/v2/util/volumes.go:81.4,81.32 1 1
github.com/Edge-Center/edgecentercloud-go/v2/availability_zones.go:32.107,33.56 1 1
github.com/Edge-Center/edgecentercloud-go/v2/availability_zones.go:33.56,35.3 1 1
github.com/Edge-Center/edgecentercloud-go/v2/availability_zones.go:37.2,40.16 3 1
github.com/Edge-Center/edgecentercloud-go/v2/availability_zones.go:40.16,42.3 1 0
github.com/Edge-Center/edgecentercloud-go/v2/availability_zones.go:44.2,46.16 3 1
github.com/Edge-Center/edgecentercloud-go/v2/availability_zones.go:46.16,48.3 1 1
github.com/Edge-Center/edgecentercloud-go/v2/availability_zones.go:50.2,50.22 1 1
github.com/Edge-Center/edgecentercloud-go/v2/baremetal.go:114.154,115.50 1 1
github.com/Edge-Center/edgecentercloud-go/v2/baremetal.go:115.50,117.3 1 0
github.com/Edge-Center/edgecentercloud-go/v2/baremetal.go:118.2,118.20 1 1
github.com/Edge-Center/edgecentercloud-go/v2/baremetal.go:118.20,120.3 1 0
github.com/Edge-Center/edgecentercloud-go/v2/baremetal.go:121.2,125.16 4 1
github.com/Edge-Center/edgecentercloud-go/v2/baremetal.go:125.16,127.3 1 0
github.com/Edge-Center/edgecentercloud-go/v2/baremetal.go:129.2,131.16 3 1
github.com/Edge-Center/edgecentercloud-go/v2/baremetal.go:131.16,133.3 1 0
github.com/Edge-Center/edgecentercloud-go/v2/baremetal.go:135.2,135.27 1 1
github.com/Edge-Center/edgecentercloud-go/v2/baremetal.go:138.122,139.50 1 1
github.com/Edge-Center/edgecentercloud-go/v2/baremetal.go:139.50,141.3 1 0
github.com/Edge-Center/edgecentercloud-go/v2/baremetal.go:143.2,146.16 3 1
github.com/Edge-Center/edgecentercloud-go/v2/baremetal.go:146.16,148.3 1 0
github.com/Edge-Center/edgecentercloud-go/v2/baremetal.go:150.2,152.16 3 1
github.com/Edge-Center/edgecentercloud-go/v2/baremetal.go:152.16,154.3 1 0
github.com/Edge-Center/edgecentercloud-go/v2/baremetal.go:156.2,156.28 1 1
github.com/Edge-Center/edgecentercloud-go/v2/baremetal.go:159.172,160.50 1 1
github.com/Edge-Center/edgecentercloud-go/v2/baremetal.go:160.50,162.3 1 0
github.com/Edge-Center/edgecentercloud-go/v2/baremetal.go:163.2,163.20 1 1
github.com/Edge-Center/edgecentercloud-go/v2/baremetal.go:163.20,165.3 1 0
github.com/Edge-Center/edgecentercloud-go/v2/baremetal.go:166.2,169.17 4 1
github.com/Edge-Center/edgecentercloud-go/v2/baremetal.go:169.17,171.17 2 1
github.com/Edge-Center/edgecentercloud-go/v2/baremetal.go:171.17,173.4 1 0
github.com/Edge-Center/edgecentercloud-go/v2/baremetal.go:176.2,177.16 2 1
github.com/Edge-Center/edgecentercloud-go/v2/baremetal.go:177.16,179.3 1 0
github.com/Edge-Center/edgecentercloud-go/v2/baremetal.go:181.2,183.16 3 1
github.com/Edge-Center/edgecentercloud-go/v2/baremetal.go:183.16,185.3 1 0
github.com/Edge-Center/edgecentercloud-go/v2/baremetal.go:187.2,187.32 1 1
github.com/Edge-Center/edgecentercloud-go/v2/baremetal.go:190.163,191.20 1 1
github.com/Edge-Center/edgecentercloud-go/v2/baremetal.go:191.20,193.3 1 0
github.com/Edge-Center/edgecentercloud-go/v2/baremetal.go:194.2,194.68 1 1
github.com/Edge-Center/edgecentercloud-go/v2/baremetal.go:194.68,196.3 1 0
github.com/Edge-Center/edgecentercloud-go/v2/baremetal.go:198.2,198.50 1 1
github.com/Edge-Center/edgecentercloud-go/v2/baremetal.go:198.50,200.3 1 0
github.com/Edge-Center/edgecentercloud-go/v2/baremetal.go:202.2,206.16 4 1
github.com/Edge-Center/edgecentercloud-go/v2/baremetal.go:206.16,208.3 1 0
github.com/Edge-Center/edgecentercloud-go/v2/baremetal.go:210.2,212.16 3 1
github.com/Edge-Center/edgecentercloud-go/v2/baremetal.go:212.16,214.3 1 0
github.com/Edge-Center/edgecentercloud-go/v2/baremetal.go:216.2,216.25 1 1
github.com/Edge-Center/edgecentercloud-go/v2/baremetal.go:219.148,220.20 1 1
github.com/Edge-Center/edgecentercloud-go/v2/baremetal.go:220.20,222.3 1 0
github.com/Edge-Center/edgecentercloud-go/v2/baremetal.go:224.2,224.50 1 1
github.com/Edge-Center/edgecentercloud-go/v2/baremetal.go:224.50,226.3 1 0
github.com/Edge-Center/edgecentercloud-go/v2/baremetal.go:228.2,231.16 3 1
github.com/Edge-Center/edgecentercloud-go/v2/baremetal.go:231.16,233.3 1 0
github.com/Edge-Center/edgecentercloud-go/v2/baremetal.go:235.2,237.16 3 1
github.com/Edge-Center/edgecentercloud-go/v2/baremetal.go:237.16,239.3 1 0
github.com/Edge-Center/edgecentercloud-go/v2/baremetal.go:241.2,241.25 1 1
github.com/Edge-Center/edgecentercloud-go/v2/baremetal.go:244.139,245.50 1 1
github.com/Edge-Center/edgecentercloud-go/v2/baremetal.go:245.50,247.3 1 0
github.com/Edge-Center/edgecentercloud-go/v2/baremetal.go:249.2,251.16 3 1
github.com/Edge-Center/edgecentercloud-go/v2/baremetal.go:251.16,253.3 1 0
github.com/Edge-Center/edgecentercloud-go/v2/baremetal.go:255.2,256.17 2 1
github.com/Edge-Center/edgecentercloud-go/v2/baremetal.go:256.17,258.17 2 1
github.com/Edge-Center/edgecentercloud-go/v2/baremetal.go:258.17,260.4 1 0
github.com/Edge-Center/edgecentercloud-go/v2/baremetal.go:263.2,264.16 2 1
github.com/Edge-Center/edgecentercloud-go/v2/baremetal.go:264.16,266.3 1 0
github.com/Edge-Center/edgecentercloud-go/v2/baremetal.go:268.2,270.16 3 1
github.com/Edge-Center/edgecentercloud-go/v2/baremetal.go:270.16,272.3 1 0
github.com/Edge-Center/edgecentercloud-go/v2/baremetal.go:274.2,274.34 1 1
github.com/Edge-Center/edgecentercloud-go/v2/edgecloud.go:121.56,126.2 3 1
github.com/Edge-Center/edgecentercloud-go/v2/edgecloud.go:128.49,132.2 2 1
github.com/Edge-Center/edgecentercloud-go/v2/edgecloud.go:134.48,141.20 2 1
github.com/Edge-Center/edgecentercloud-go/v2/edgecloud.go:141.20,143.3 1 1
github.com/Edge-Center/edgecentercloud-go/v2/edgecloud.go:144.2,144.19 1 1
github.com/Edge-Center/edgecentercloud-go/v2/edgecloud.go:144.19,146.3 1 1
github.com/Edge-Center/edgecentercloud-go/v2/edgecloud.go:148.2,148.17 1 1
github.com/Edge-Center/edgecentercloud-go/v2/edgecloud.go:151.54,158.19 2 1
github.com/Edge-Center/edgecentercloud-go/v2/edgecloud.go:158.19,160.3 1 1
github.com/Edge-Center/edgecentercloud-go/v2/edgecloud.go:162.2,162.17 1 1
github.com/Edge-Center/edgecentercloud-go/v2/edgecloud.go:182.60,185.42 2 1
github.com/Edge-Center/edgecentercloud-go/v2/edgecloud.go:185.42,187.3 1 1
github.com/Edge-Center/edgecentercloud-go/v2/edgecloud.go:189.2,190.16 2 1
github.com/Edge-Center/edgecentercloud-go/v2/edgecloud.go:190.16,192.3 1 0
github.com/Edge-Center/edgecentercloud-go/v2/edgecloud.go:194.2,197.16 3 1
github.com/Edge-Center/edgecentercloud-go/v2/edgecloud.go:197.16,199.3 1 0
github.com/Edge-Center/edgecentercloud-go/v2/edgecloud.go:201.2,201.30 1 1
github.com/Edge-Center/edgecentercloud-go/v2/edgecloud.go:201.30,203.3 1 1
github.com/Edge-Center/edgecentercloud-go/v2/edgecloud.go:205.2,207.30 2 1
github.com/Edge-Center/edgecentercloud-go/v2/edgecloud.go:211.82,221.2 2 1
github.com/Edge-Center/edgecentercloud-go/v2/edgecloud.go:225.49,226.23 1 1
github.com/Edge-Center/edgecentercloud-go/v2/edgecloud.go:226.23,228.3 1 1
github.com/Edge-Center/edgecentercloud-go/v2/edgecloud.go:230.2,266.10 33 1
github.com/Edge-Center/edgecentercloud-go/v2/edgecloud.go:273.71,275.27 2 1
github.com/Edge-Center/edgecentercloud-go/v2/edgecloud.go:275.27,276.32 1 1
github.com/Edge-Center/edgecentercloud-go/v2/edgecloud.go:276.32,278.4 1 1
github.com/Edge-Center/edgecentercloud-go/v2/edgecloud.go:282.2,282.32 1 1
github.com/Edge-Center/edgecentercloud-go/v2/edgecloud.go:282.32,286.40 3 1
github.com/Edge-Center/edgecentercloud-go/v2/edgecloud.go:286.40,288.4 1 1
github.com/Edge-Center/edgecentercloud-go/v2/edgecloud.go:289.3,289.40 1 1
github.com/Edge-Center/edgecentercloud-go/v2/edgecloud.go:289.40,291.4 1 1
github.com/Edge-Center/edgecentercloud-go/v2/edgecloud.go:294.3,302.109 3 1
github.com/Edge-Center/edgecentercloud-go/v2/edgecloud.go:302.109,303.19 1 1
github.com/Edge-Center/edgecentercloud-go/v2/edgecloud.go:303.19,307.5 2 1
github.com/Edge-Center/edgecentercloud-go/v2/edgecloud.go:309.4,309.20 1 0
github.com/Edge-Center/edgecentercloud-go/v2/edgecloud.go:312.3,312.50 1 1
github.com/Edge-Center/edgecentercloud-go/v2/edgecloud.go:315.2,315.15 1 1
github.com/Edge-Center/edgecentercloud-go/v2/edgecloud.go:319.38,320.31 1 1
github.com/Edge-Center/edgecentercloud-go/v2/edgecloud.go:320.31,322.17 2 1
github.com/Edge-Center/edgecentercloud-go/v2/edgecloud.go:322.17,324.4 1 1
github.com/Edge-Center/edgecentercloud-go/v2/edgecloud.go:326.3,328.13 2 1
github.com/Edge-Center/edgecentercloud-go/v2/edgecloud.go:333.41,334.31 1 1
github.com/Edge-Center/edgecentercloud-go/v2/edgecloud.go:334.31,337.63 3 1
github.com/Edge-Center/edgecentercloud-go/v2/edgecloud.go:337.63,339.4 1 0
github.com/Edge-Center/edgecentercloud-go/v2/edgecloud.go:340.3,343.13 3 1
github.com/Edge-Center/edgecentercloud-go/v2/edgecloud.go:348.38,349.31 1 1
github.com/Edge-Center/edgecentercloud-go/v2/edgecloud.go:349.31,353.3 2 1
github.com/Edge-Center/edgecentercloud-go/v2/edgecloud.go:357.40,358.31 1 1
github.com/Edge-Center/edgecentercloud-go/v2/edgecloud.go:358.31,362.3 2 1
github.com/Edge-Center/edgecentercloud-go/v2/edgecloud.go:366.40,367.31 1 1
github.com/Edge-Center/edgecentercloud-go/v2/edgecloud.go:367.31,370.3 2 1
github.com/Edge-Center/edgecentercloud-go/v2/edgecloud.go:375.61,376.31 1 1
github.com/Edge-Center/edgecentercloud-go/v2/edgecloud.go:376.31,377.29 1 1
github.com/Edge-Center/edgecentercloud-go/v2/edgecloud.go:377.29,379.4 1 1
github.com/Edge-Center/edgecentercloud-go/v2/edgecloud.go:380.3,380.13 1 1
github.com/Edge-Center/edgecentercloud-go/v2/edgecloud.go:386.62,387.31 1 1
github.com/Edge-Center/edgecentercloud-go/v2/edgecloud.go:387.31,393.3 5 1
github.com/Edge-Center/edgecentercloud-go/v2/edgecloud.go:399.112,401.45 1 1
github.com/Edge-Center/edgecentercloud-go/v2/edgecloud.go:401.45,403.3 1 1
github.com/Edge-Center/edgecentercloud-go/v2/edgecloud.go:405.2,407.16 3 1
github.com/Edge-Center/edgecentercloud-go/v2/edgecloud.go:407.16,409.3 1 0
github.com/Edge-Center/edgecentercloud-go/v2/edgecloud.go:411.2,412.16 2 1
github.com/Edge-Center/edgecentercloud-go/v2/edgecloud.go:413.59,415.17 2 1
github.com/Edge-Center/edgecentercloud-go/v2/edgecloud.go:415.17,417.4 1 0
github.com/Edge-Center/edgecentercloud-go/v2/edgecloud.go:418.10,420.18 2 1
github.com/Edge-Center/edgecentercloud-go/v2/edgecloud.go:420.18,422.18 2 1
github.com/Edge-Center/edgecentercloud-go/v2/edgecloud.go:422.18,424.5 1 1
github.com/Edge-Center/edgecentercloud-go/v2/edgecloud.go:427.3,428.17 2 1
github.com/Edge-Center/edgecentercloud-go/v2/edgecloud.go:428.17,430.4 1 0
github.com/Edge-Center/edgecentercloud-go/v2/edgecloud.go:431.3,431.44 1 1
github.com/Edge-Center/edgecentercloud-go/v2/edgecloud.go:434.2,434.30 1 1
github.com/Edge-Center/edgecentercloud-go/v2/edgecloud.go:434.30,436.3 1 1
github.com/Edge-Center/edgecentercloud-go/v2/edgecloud.go:438.2,441.17 3 1
github.com/Edge-Center/edgecentercloud-go/v2/edgecloud.go:445.46,449.2 2 1
github.com/Edge-Center/edgecentercloud-go/v2/edgecloud.go:454.95,456.16 2 1
github.com/Edge-Center/edgecentercloud-go/v2/edgecloud.go:456.16,463.3 1 0
github.com/Edge-Center/edgecentercloud-go/v2/edgecloud.go:464.2,464.33 1 1
github.com/Edge-Center/edgecentercloud-go/v2/edgecloud.go:464.33,466.3 1 0
github.com/Edge-Center/edgecentercloud-go/v2/edgecloud.go:468.2,468.15 1 1
github.com/Edge-Center/edgecentercloud-go/v2/edgecloud.go:468.15,476.73 2 1
github.com/Edge-Center/edgecentercloud-go/v2/edgecloud.go:476.73,478.4 1 1
github.com/Edge-Center/edgecentercloud-go/v2/edgecloud.go:480.3,480.44 1 1
github.com/Edge-Center/edgecentercloud-go/v2/edgecloud.go:480.44,482.4 1 1
github.com/Edge-Center/edgecentercloud-go/v2/edgecloud.go:485.2,488.16 3 1
github.com/Edge-Center/edgecentercloud-go/v2/edgecloud.go:488.16,490.3 1 1
github.com/Edge-Center/edgecentercloud-go/v2/edgecloud.go:492.2,492.57 1 1
github.com/Edge-Center/edgecentercloud-go/v2/edgecloud.go:492.57,493.33 1 1
github.com/Edge-Center/edgecentercloud-go/v2/edgecloud.go:493.33,495.4 1 0
github.com/Edge-Center/edgecentercloud-go/v2/edgecloud.go:495.9,497.4 1 1
github.com/Edge-Center/edgecentercloud-go/v2/edgecloud.go:498.3,498.17 1 1
github.com/Edge-Center/edgecentercloud-go/v2/edgecloud.go:498.17,505.4 1 0
github.com/Edge-Center/edgecentercloud-go/v2/edgecloud.go:508.2,508.22 1 1
github.com/Edge-Center/edgecentercloud-go/v2/edgecloud.go:512.111,516.2 2 1
github.com/Edge-Center/edgecentercloud-go/v2/edgecloud.go:518.40,520.20 2 1
github.com/Edge-Center/edgecentercloud-go/v2/edgecloud.go:520.20,522.3 1 1
github.com/Edge-Center/edgecentercloud-go/v2/edgecloud.go:524.2,525.98 1 1
github.com/Edge-Center/edgecentercloud-go/v2/edgecloud.go:532.44,533.45 1 1
github.com/Edge-Center/edgecentercloud-go/v2/edgecloud.go:533.45,535.3 1 1
github.com/Edge-Center/edgecentercloud-go/v2/edgecloud.go:537.2,539.33 3 1
github.com/Edge-Center/edgecentercloud-go/v2/edgecloud.go:539.33,541.17 2 1
github.com/Edge-Center/edgecentercloud-go/v2/edgecloud.go:541.17,543.4 1 1
github.com/Edge-Center/edgecentercloud-go/v2/edgecloud.go:546.2,547.23 2 1
github.com/Edge-Center/edgecentercloud-go/v2/edgecloud.go:547.23,549.3 1 1
github.com/Edge-Center/edgecentercloud-go/v2/edgecloud.go:551.2,551.22 1 1
github.com/Edge-Center/edgecentercloud-go/v2/edgecloud.go:555.27,557.2 1 1
github.com/Edge-Center/edgecentercloud-go/v2/errors.go:23.48,28.2 1 1
github.com/Edge-Center/edgecentercloud-go/v2/errors.go:30.35,32.2 1 1
github.com/Edge-Center/edgecentercloud-go/v2/flavors.go:69.108,70.50 1 1
github.com/Edge-Center/edgecentercloud-go/v2/flavors.go:70.50,72.3 1 0
github.com/Edge-Center/edgecentercloud-go/v2/flavors.go:74.2,76.16 3 1
github.com/Edge-Center/edgecentercloud-go/v2/flavors.go:76.16,78.3 1 0
github.com/Edge-Center/edgecentercloud-go/v2/flavors.go:80.2,81.16 2 1
github.com/Edge-Center/edgecentercloud-go/v2/flavors.go:81.16,83.3 1 0
github.com/Edge-Center/edgecentercloud-go/v2/flavors.go:85.2,87.16 3 1
github.com/Edge-Center/edgecentercloud-go/v2/flavors.go:87.16,89.3 1 1
github.com/Edge-Center/edgecentercloud-go/v2/flavors.go:91.2,91.32 1 1
github.com/Edge-Center/edgecentercloud-go/v2/flavors.go:95.117,96.50 1 1
github.com/Edge-Center/edgecentercloud-go/v2/flavors.go:96.50,98.3 1 0
github.com/Edge-Center/edgecentercloud-go/v2/flavors.go:100.2,102.16 3 1
github.com/Edge-Center/edgecentercloud-go/v2/flavors.go:102.16,104.3 1 0
github.com/Edge-Center/edgecentercloud-go/v2/flavors.go:106.2,107.16 2 1
github.com/Edge-Center/edgecentercloud-go/v2/flavors.go:107.16,109.3 1 0
github.com/Edge-Center/edgecentercloud-go/v2/flavors.go:111.2,113.16 3 1
github.com/Edge-Center/edgecentercloud-go/v2/flavors.go:113.16,115.3 1 1
github.com/Edge-Center/edgecentercloud-go/v2/flavors.go:117.2,117.32 1 1
github.com/Edge-Center/edgecentercloud-go/v2/flavors.go:121.126,122.50 1 1
github.com/Edge-Center/edgecentercloud-go/v2/flavors.go:122.50,124.3 1 0
github.com/Edge-Center/edgecentercloud-go/v2/flavors.go:126.2,128.16 3 1
github.com/Edge-Center/edgecentercloud-go/v2/flavors.go:128.16,130.3 1 0
github.com/Edge-Center/edgecentercloud-go/v2/flavors.go:132.2,133.16 2 1
github.com/Edge-Center/edgecentercloud-go/v2/flavors.go:133.16,135.3 1 0
github.com/Edge-Center/edgecentercloud-go/v2/flavors.go:137.2,139.16 3 1
github.com/Edge-Center/edgecentercloud-go/v2/flavors.go:139.16,141.3 1 1
github.com/Edge-Center/edgecentercloud-go/v2/flavors.go:143.2,143.32 1 1
github.com/Edge-Center/edgecentercloud-go/v2/floatingips.go:105.91,106.50 1 1
github.com/Edge-Center/edgecentercloud-go/v2/floatingips.go:106.50,108.3 1 0
github.com/Edge-Center/edgecentercloud-go/v2/floatingips.go:110.2,113.16 3 1
github.com/Edge-Center/edgecentercloud-go/v2/floatingips.go:113.16,115.3 1 0
github.com/Edge-Center/edgecentercloud-go/v2/floatingips.go:117.2,119.16 3 1
github.com/Edge-Center/edgecentercloud-go/v2/floatingips.go:119.16,121.3 1 1
github.com/Edge-Center/edgecentercloud-go/v2/floatingips.go:123.2,123.36 1 1
github.com/Edge-Center/edgecentercloud-go/v2/floatingips.go:127.103,128.58 1 1
github.com/Edge-Center/edgecentercloud-go/v2/floatingips.go:128.58,130.3 1 1
github.com/Edge-Center/edgecentercloud-go/v2/floatingips.go:132.2,132.50 1 1
github.com/Edge-Center/edgecentercloud-go/v2/floatingips.go:132.50,134.3 1 0
github.com/Edge-Center/edgecentercloud-go/v2/floatingips.go:136.2,139.16 3 1
github.com/Edge-Center/edgecentercloud-go/v2/floatingips.go:139.16,141.3 1 0
github.com/Edge-Center/edgecentercloud-go/v2/floatingips.go:143.2,145.16 3 1
github.com/Edge-Center/edgecentercloud-go/v2/floatingips.go:145.16,147.3 1 1
github.com/Edge-Center/edgecentercloud-go/v2/floatingips.go:149.2,149.23 1 1
github.com/Edge-Center/edgecentercloud-go/v2/floatingips.go:153.128,154.20 1 1
github.com/Edge-Center/edgecentercloud-go/v2/floatingips.go:154.20,156.3 1 0
github.com/Edge-Center/edgecentercloud-go/v2/floatingips.go:158.2,158.50 1 1
github.com/Edge-Center/edgecentercloud-go/v2/floatingips.go:158.50,160.3 1 0
github.com/Edge-Center/edgecentercloud-go/v2/floatingips.go:162.2,165.16 3 1
github.com/Edge-Center/edgecentercloud-go/v2/floatingips.go:165.16,167.3 1 0
github.com/Edge-Center/edgecentercloud-go/v2/floatingips.go:169.2,171.16 3 1
github.com/Edge-Center/edgecentercloud-go/v2/floatingips.go:171.16,173.3 1 1
github.com/Edge-Center/edgecentercloud-go/v2/floatingips.go:175.2,175.25 1 1
github.com/Edge-Center/edgecentercloud-go/v2/floatingips.go:179.108,180.58 1 1
github.com/Edge-Center/edgecentercloud-go/v2/floatingips.go:180.58,182.3 1 1
github.com/Edge-Center/edgecentercloud-go/v2/floatingips.go:184.2,184.50 1 1
github.com/Edge-Center/edgecentercloud-go/v2/floatingips.go:184.50,186.3 1 0
github.com/Edge-Center/edgecentercloud-go/v2/floatingips.go:188.2,191.16 3 1
github.com/Edge-Center/edgecentercloud-go/v2/floatingips.go:191.16,193.3 1 0
github.com/Edge-Center/edgecentercloud-go/v2/floatingips.go:195.2,197.16 3 1
github.com/Edge-Center/edgecentercloud-go/v2/floatingips.go:197.16,199.3 1 1
github.com/Edge-Center/edgecentercloud-go/v2/floatingips.go:201.2,201.25 1 1
github.com/Edge-Center/edgecentercloud-go/v2/floatingips.go:205.140,206.58 1 1
github.com/Edge-Center/edgecentercloud-go/v2/floatingips.go:206.58,208.3 1 1
github.com/Edge-Center/edgecentercloud-go/v2/floatingips.go:210.2,210.20 1 1
github.com/Edge-Center/edgecentercloud-go/v2/floatingips.go:210.20,212.3 1 1
github.com/Edge-Center/edgecentercloud-go/v2/floatingips.go:214.2,214.50 1 1
github.com/Edge-Center/edgecentercloud-go/v2/floatingips.go:214.50,216.3 1 0
github.com/Edge-Center/edgecentercloud-go/v2/floatingips.go:218.2,221.16 3 1
github.com/Edge-Center/edgecentercloud-go/v2/floatingips.go:221.16,223.3 1 0
github.com/Edge-Center/edgecentercloud-go/v2/floatingips.go:225.2,227.16 3 1
github.com/Edge-Center/edgecentercloud-go/v2/floatingips.go:227.16,229.3 1 1
github.com/Edge-Center/edgecentercloud-go/v2/floatingips.go:231.2,231.23 1 1
github.com/Edge-Center/edgecentercloud-go/v2/floatingips.go:235.108,236.58 1 1
github.com/Edge-Center/edgecentercloud-go/v2/floatingips.go:236.58,238.3 1 1
github.com/Edge-Center/edgecentercloud-go/v2/floatingips.go:240.2,240.50 1 1
github.com/Edge-Center/edgecentercloud-go/v2/floatingips.go:240.50,242.3 1 0
github.com/Edge-Center/edgecentercloud-go/v2/floatingips.go:244.2,247.16 3 1
github.com/Edge-Center/edgecentercloud-go/v2/floatingips.go:247.16,249.3 1 0
github.com/Edge-Center/edgecentercloud-go/v2/floatingips.go:251.2,253.16 3 1
github.com/Edge-Center/edgecentercloud-go/v2/floatingips.go:253.16,255.3 1 1
github.com/Edge-Center/edgecentercloud-go/v2/floatingips.go:257.2,257.23 1 1
github.com/Edge-Center/edgecentercloud-go/v2/floatingips.go:261.100,262.50 1 1
github.com/Edge-Center/edgecentercloud-go/v2/floatingips.go:262.50,264.3 1 0
github.com/Edge-Center/edgecentercloud-go/v2/floatingips.go:266.2,269.16 3 1
github.com/Edge-Center/edgecentercloud-go/v2/floatingips.go:269.16,271.3 1 0
github.com/Edge-Center/edgecentercloud-go/v2/floatingips.go:273.2,275.16 3 1
github.com/Edge-Center/edgecentercloud-go/v2/floatingips.go:275.16,277.3 1 1
github.com/Edge-Center/edgecentercloud-go/v2/floatingips.go:279.2,279.36 1 1
github.com/Edge-Center/edgecentercloud-go/v2/floatingips.go:283.119,284.58 1 1
github.com/Edge-Center/edgecentercloud-go/v2/floatingips.go:284.58,286.3 1 1
github.com/Edge-Center/edgecentercloud-go/v2/floatingips.go:288.2,288.50 1 1
github.com/Edge-Center/edgecentercloud-go/v2/floatingips.go:288.50,290.3 1 0
github.com/Edge-Center/edgecentercloud-go/v2/floatingips.go:292.2,292.66 1 1
github.com/Edge-Center/edgecentercloud-go/v2/floatingips.go:296.120,297.58 1 1
github.com/Edge-Center/edgecentercloud-go/v2/floatingips.go:297.58,299.3 1 1
github.com/Edge-Center/edgecentercloud-go/v2/floatingips.go:301.2,301.50 1 1
github.com/Edge-Center/edgecentercloud-go/v2/floatingips.go:301.50,303.3 1 0
github.com/Edge-Center/edgecentercloud-go/v2/floatingips.go:305.2,305.77 1 1
github.com/Edge-Center/edgecentercloud-go/v2/floatingips.go:309.120,310.58 1 1
github.com/Edge-Center/edgecentercloud-go/v2/floatingips.go:310.58,312.3 1 1
github.com/Edge-Center/edgecentercloud-go/v2/floatingips.go:314.2,314.50 1 1
github.com/Edge-Center/edgecentercloud-go/v2/floatingips.go:314.50,316.3 1 0
github.com/Edge-Center/edgecentercloud-go/v2/floatingips.go:318.2,318.77 1 1
github.com/Edge-Center/edgecentercloud-go/v2/floatingips.go:322.132,323.58 1 1
github.com/Edge-Center/edgecentercloud-go/v2/floatingips.go:323.58,325.3 1 1
github.com/Edge-Center/edgecentercloud-go/v2/floatingips.go:327.2,327.50 1 1
github.com/Edge-Center/edgecentercloud-go/v2/floatingips.go:327.50,329.3 1 0
github.com/Edge-Center/edgecentercloud-go/v2/floatingips.go:331.2,331.78 1 1
github.com/Edge-Center/edgecentercloud-go/v2/floatingips.go:335.148,336.58 1 1
github.com/Edge-Center/edgecentercloud-go/v2/floatingips.go:336.58,338.3 1 1
github.com/Edge-Center/edgecentercloud-go/v2/floatingips.go:340.2,340.50 1 1
github.com/Edge-Center/edgecentercloud-go/v2/floatingips.go:340.50,342.3 1 0
github.com/Edge-Center/edgecentercloud-go/v2/floatingips.go:344.2,344.75 1 1
github.com/Edge-Center/edgecentercloud-go/v2/images.go:164.105,165.50 1 1
github.com/Edge-Center/edgecentercloud-go/v2/images.go:165.50,167.3 1 0
github.com/Edge-Center/edgecentercloud-go/v2/images.go:169.2,171.16 3 1
github.com/Edge-Center/edgecentercloud-go/v2/images.go:171.16,173.3 1 0
github.com/Edge-Center/edgecentercloud-go/v2/images.go:175.2,176.16 2 1
github.com/Edge-Center/edgecentercloud-go/v2/images.go:176.16,178.3 1 0
github.com/Edge-Center/edgecentercloud-go/v2/images.go:180.2,182.16 3 1
github.com/Edge-Center/edgecentercloud-go/v2/images.go:182.16,184.3 1 1
github.com/Edge-Center/edgecentercloud-go/v2/images.go:186.2,186.31 1 1
github.com/Edge-Center/edgecentercloud-go/v2/images.go:190.118,191.20 1 1
github.com/Edge-Center/edgecentercloud-go/v2/images.go:191.20,193.3 1 1
github.com/Edge-Center/edgecentercloud-go/v2/images.go:195.2,195.50 1 1
github.com/Edge-Center/edgecentercloud-go/v2/images.go:195.50,197.3 1 0
github.com/Edge-Center/edgecentercloud-go/v2/images.go:199.2,202.16 3 1
github.com/Edge-Center/edgecentercloud-go/v2/images.go:202.16,204.3 1 0
github.com/Edge-Center/edgecentercloud-go/v2/images.go:206.2,208.16 3 1
github.com/Edge-Center/edgecentercloud-go/v2/images.go:208.16,210.3 1 1
github.com/Edge-Center/edgecentercloud-go/v2/images.go:212.2,212.25 1 1
github.com/Edge-Center/edgecentercloud-go/v2/images.go:216.95,217.62 1 1
github.com/Edge-Center/edgecentercloud-go/v2/images.go:217.62,219.3 1 1
github.com/Edge-Center/edgecentercloud-go/v2/images.go:221.2,221.50 1 1
github.com/Edge-Center/edgecentercloud-go/v2/images.go:221.50,223.3 1 0
github.com/Edge-Center/edgecentercloud-go/v2/images.go:225.2,228.16 3 1
github.com/Edge-Center/edgecentercloud-go/v2/images.go:228.16,230.3 1 0
github.com/Edge-Center/edgecentercloud-go/v2/images.go:232.2,234.16 3 1
github.com/Edge-Center/edgecentercloud-go/v2/images.go:234.16,236.3 1 1
github.com/Edge-Center/edgecentercloud-go/v2/images.go:238.2,238.25 1 1
github.com/Edge-Center/edgecentercloud-go/v2/images.go:242.105,243.62 1 1
github.com/Edge-Center/edgecentercloud-go/v2/images.go:243.62,245.3 1 1
github.com/Edge-Center/edgecentercloud-go/v2/images.go:247.2,247.50 1 1
github.com/Edge-Center/edgecentercloud-go/v2/images.go:247.50,249.3 1 0
github.com/Edge-Center/edgecentercloud-go/v2/images.go:251.2,254.16 3 1
github.com/Edge-Center/edgecentercloud-go/v2/images.go:254.16,256.3 1 0
github.com/Edge-Center/edgecentercloud-go/v2/images.go:258.2,260.16 3 1
github.com/Edge-Center/edgecentercloud-go/v2/images.go:260.16,262.3 1 1
github.com/Edge-Center/edgecentercloud-go/v2/images.go:264.2,264.25 1 1
github.com/Edge-Center/edgecentercloud-go/v2/images.go:268.127,269.62 1 1
github.com/Edge-Center/edgecentercloud-go/v2/images.go:269.62,271.3 1 1
github.com/Edge-Center/edgecentercloud-go/v2/images.go:273.2,273.50 1 1
github.com/Edge-Center/edgecentercloud-go/v2/images.go:273.50,275.3 1 0
github.com/Edge-Center/edgecentercloud-go/v2/images.go:277.2,280.16 3 1
github.com/Edge-Center/edgecentercloud-go/v2/images.go:280.16,282.3 1 0
github.com/Edge-Center/edgecentercloud-go/v2/images.go:284.2,286.16 3 1
github.com/Edge-Center/edgecentercloud-go/v2/images.go:286.16,288.3 1 1
github.com/Edge-Center/edgecentercloud-go/v2/images.go:290.2,290.25 1 1
github.com/Edge-Center/edgecentercloud-go/v2/images.go:294.118,295.50 1 1
github.com/Edge-Center/edgecentercloud-go/v2/images.go:295.50,297.3 1 0
github.com/Edge-Center/edgecentercloud-go/v2/images.go:299.2,302.16 3 1
github.com/Edge-Center/edgecentercloud-go/v2/images.go:302.16,304.3 1 0
github.com/Edge-Center/edgecentercloud-go/v2/images.go:306.2,308.16 3 1
github.com/Edge-Center/edgecentercloud-go/v2/images.go:308.16,310.3 1 1
github.com/Edge-Center/edgecentercloud-go/v2/images.go:312.2,312.25 1 1
github.com/Edge-Center/edgecentercloud-go/v2/images.go:316.120,317.50 1 1
github.com/Edge-Center/edgecentercloud-go/v2/images.go:317.50,319.3 1 0
github.com/Edge-Center/edgecentercloud-go/v2/images.go:321.2,323.16 3 1
github.com/Edge-Center/edgecentercloud-go/v2/images.go:323.16,325.3 1 0
github.com/Edge-Center/edgecentercloud-go/v2/images.go:327.2,328.16 2 1
github.com/Edge-Center/edgecentercloud-go/v2/images.go:328.16,330.3 1 0
github.com/Edge-Center/edgecentercloud-go/v2/images.go:332.2,334.16 3 1
github.com/Edge-Center/edgecentercloud-go/v2/images.go:334.16,336.3 1 1
github.com/Edge-Center/edgecentercloud-go/v2/images.go:338.2,338.31 1 1
github.com/Edge-Center/edgecentercloud-go/v2/images.go:342.133,343.20 1 1
github.com/Edge-Center/edgecentercloud-go/v2/images.go:343.20,345.3 1 1
github.com/Edge-Center/edgecentercloud-go/v2/images.go:347.2,347.50 1 1
github.com/Edge-Center/edgecentercloud-go/v2/images.go:347.50,349.3 1 0
github.com/Edge-Center/edgecentercloud-go/v2/images.go:351.2,354.16 3 1
github.com/Edge-Center/edgecentercloud-go/v2/images.go:354.16,356.3 1 0
github.com/Edge-Center/edgecentercloud-go/v2/images.go:358.2,360.16 3 1
github.com/Edge-Center/edgecentercloud-go/v2/images.go:360.16,362.3 1 1
github.com/Edge-Center/edgecentercloud-go/v2/images.go:364.2,364.25 1 1
github.com/Edge-Center/edgecentercloud-go/v2/images.go:368.94,369.50 1 1
github.com/Edge-Center/edgecentercloud-go/v2/images.go:369.50,371.3 1 0
github.com/Edge-Center/edgecentercloud-go/v2/images.go:373.2,376.16 3 1
github.com/Edge-Center/edgecentercloud-go/v2/images.go:376.16,378.3 1 0
github.com/Edge-Center/edgecentercloud-go/v2/images.go:380.2,382.16 3 1
github.com/Edge-Center/edgecentercloud-go/v2/images.go:382.16,384.3 1 1
github.com/Edge-Center/edgecentercloud-go/v2/images.go:386.2,386.31 1 1
github.com/Edge-Center/edgecentercloud-go/v2/images.go:390.116,391.62 1 1
github.com/Edge-Center/edgecentercloud-go/v2/images.go:391.62,393.3 1 1
github.com/Edge-Center/edgecentercloud-go/v2/images.go:395.2,395.50 1 1
github.com/Edge-Center/edgecentercloud-go/v2/images.go:395.50,397.3 1 0
github.com/Edge-Center/edgecentercloud-go/v2/images.go:399.2,399.63 1 1
github.com/Edge-Center/edgecentercloud-go/v2/images.go:403.117,404.62 1 1
github.com/Edge-Center/edgecentercloud-go/v2/images.go:404.62,406.3 1 1
github.com/Edge-Center/edgecentercloud-go/v2/images.go:408.2,408.50 1 1
github.com/Edge-Center/edgecentercloud-go/v2/images.go:408.50,410.3 1 0
github.com/Edge-Center/edgecentercloud-go/v2/images.go:412.2,412.74 1 1
github.com/Edge-Center/edgecentercloud-go/v2/images.go:416.117,417.62 1 1
github.com/Edge-Center/edgecentercloud-go/v2/images.go:417.62,419.3 1 1
github.com/Edge-Center/edgecentercloud-go/v2/images.go:421.2,421.50 1 1
github.com/Edge-Center/edgecentercloud-go/v2/images.go:421.50,423.3 1 0
github.com/Edge-Center/edgecentercloud-go/v2/images.go:425.2,425.74 1 1
github.com/Edge-Center/edgecentercloud-go/v2/images.go:429.129,430.62 1 1
github.com/Edge-Center/edgecentercloud-go/v2/images.go:430.62,432.3 1 1
github.com/Edge-Center/edgecentercloud-go/v2/images.go:434.2,434.50 1 1
github.com/Edge-Center/edgecentercloud-go/v2/images.go:434.50,436.3 1 0
github.com/Edge-Center/edgecentercloud-go/v2/images.go:438.2,438.75 1 1
github.com/Edge-Center/edgecentercloud-go/v2/images.go:442.145,443.62 1 1
github.com/Edge-Center/edgecentercloud-go/v2/images.go:443.62,445.3 1 1
github.com/Edge-Center/edgecentercloud-go/v2/images.go:447.2,447.50 1 1
github.com/Edge-Center/edgecentercloud-go/v2/images.go:447.50,449.3 1 0
github.com/Edge-Center/edgecentercloud-go/v2/images.go:451.2,451.72 1 1
github.com/Edge-Center/edgecentercloud-go/v2/instances.go:367.114,368.50 1 1
github.com/Edge-Center/edgecentercloud-go/v2/instances.go:368.50,370.3 1 0
github.com/Edge-Center/edgecentercloud-go/v2/instances.go:372.2,374.16 3 1
github.com/Edge-Center/edgecentercloud-go/v2/instances.go:374.16,376.3 1 0
github.com/Edge-Center/edgecentercloud-go/v2/instances.go:378.2,379.16 2 1
github.com/Edge-Center/edgecentercloud-go/v2/instances.go:379.16,381.3 1 0
github.com/Edge-Center/edgecentercloud-go/v2/instances.go:383.2,385.16 3 1
github.com/Edge-Center/edgecentercloud-go/v2/instances.go:385.16,387.3 1 1
github.com/Edge-Center/edgecentercloud-go/v2/instances.go:389.2,389.34 1 1
github.com/Edge-Center/edgecentercloud-go/v2/instances.go:393.104,394.68 1 1
github.com/Edge-Center/edgecentercloud-go/v2/instances.go:394.68,396.3 1 0
github.com/Edge-Center/edgecentercloud-go/v2/instances.go:398.2,398.50 1 1
github.com/Edge-Center/edgecentercloud-go/v2/instances.go:398.50,400.3 1 0
github.com/Edge-Center/edgecentercloud-go/v2/instances.go:402.2,405.16 3 1
github.com/Edge-Center/edgecentercloud-go/v2/instances.go:405.16,407.3 1 0
github.com/Edge-Center/edgecentercloud-go/v2/instances.go:409.2,411.16 3 1
github.com/Edge-Center/edgecentercloud-go/v2/instances.go:411.16,413.3 1 1
github.com/Edge-Center/edgecentercloud-go/v2/instances.go:415.2,415.28 1 1
github.com/Edge-Center/edgecentercloud-go/v2/instances.go:419.124,420.20 1 1
github.com/Edge-Center/edgecentercloud-go/v2/instances.go:420.20,422.3 1 1
github.com/Edge-Center/edgecentercloud-go/v2/instances.go:424.2,424.50 1 1
github.com/Edge-Center/edgecentercloud-go/v2/instances.go:424.50,426.3 1 0
github.com/Edge-Center/edgecentercloud-go/v2/instances.go:428.2,431.16 3 1
github.com/Edge-Center/edgecentercloud-go/v2/instances.go:431.16,433.3 1 0
github.com/Edge-Center/edgecentercloud-go/v2/instances.go:435.2,437.16 3 1
github.com/Edge-Center/edgecentercloud-go/v2/instances.go:437.16,439.3 1 1
github.com/Edge-Center/edgecentercloud-go/v2/instances.go:441.2,441.25 1 1
github.com/Edge-Center/edgecentercloud-go/v2/instances.go:445.140,446.68 1 1
github.com/Edge-Center/edgecentercloud-go/v2/instances.go:446.68,448.3 1 0
github.com/Edge-Center/edgecentercloud-go/v2/instances.go:450.2,450.50 1 1
github.com/Edge-Center/edgecentercloud-go/v2/instances.go:450.50,452.3 1 0
github.com/Edge-Center/edgecentercloud-go/v2/instances.go:454.2,456.16 3 1
github.com/Edge-Center/edgecentercloud-go/v2/instances.go:456.16,458.3 1 0
github.com/Edge-Center/edgecentercloud-go/v2/instances.go:460.2,461.16 2 1
github.com/Edge-Center/edgecentercloud-go/v2/instances.go:461.16,463.3 1 0
github.com/Edge-Center/edgecentercloud-go/v2/instances.go:465.2,467.16 3 1
github.com/Edge-Center/edgecentercloud-go/v2/instances.go:467.16,469.3 1 1
github.com/Edge-Center/edgecentercloud-go/v2/instances.go:471.2,471.25 1 1
github.com/Edge-Center/edgecentercloud-go/v2/instances.go:475.120,476.68 1 1
github.com/Edge-Center/edgecentercloud-go/v2/instances.go:476.68,478.3 1 0
github.com/Edge-Center/edgecentercloud-go/v2/instances.go:480.2,480.50 1 1
github.com/Edge-Center/edgecentercloud-go/v2/instances.go:480.50,482.3 1 0
github.com/Edge-Center/edgecentercloud-go/v2/instances.go:484.2,488.16 4 1
github.com/Edge-Center/edgecentercloud-go/v2/instances.go:488.16,490.3 1 0
github.com/Edge-Center/edgecentercloud-go/v2/instances.go:492.2,494.16 3 1
github.com/Edge-Center/edgecentercloud-go/v2/instances.go:494.16,496.3 1 1
github.com/Edge-Center/edgecentercloud-go/v2/instances.go:498.2,498.28 1 1
github.com/Edge-Center/edgecentercloud-go/v2/instances.go:502.122,503.68 1 1
github.com/Edge-Center/edgecentercloud-go/v2/instances.go:503.68,505.3 1 0
github.com/Edge-Center/edgecentercloud-go/v2/instances.go:507.2,507.50 1 1
github.com/Edge-Center/edgecentercloud-go/v2/instances.go:507.50,509.3 1 0
github.com/Edge-Center/edgecentercloud-go/v2/instances.go:511.2,511.69 1 1
github.com/Edge-Center/edgecentercloud-go/v2/instances.go:515.123,516.68 1 1
github.com/Edge-Center/edgecentercloud-go/v2/instances.go:516.68,518.3 1 0
github.com/Edge-Center/edgecentercloud-go/v2/instances.go:520.2,520.50 1 1
github.com/Edge-Center/edgecentercloud-go/v2/instances.go:520.50,522.3 1 0
github.com/Edge-Center/edgecentercloud-go/v2/instances.go:524.2,524.80 1 1
github.com/Edge-Center/edgecentercloud-go/v2/instances.go:528.135,529.68 1 1
github.com/Edge-Center/edgecentercloud-go/v2/instances.go:529.68,531.3 1 0
github.com/Edge-Center/edgecentercloud-go/v2/instances.go:533.2,533.50 1 1
github.com/Edge-Center/edgecentercloud-go/v2/instances.go:533.50,535.3 1 0
github.com/Edge-Center/edgecentercloud-go/v2/instances.go:537.2,537.81 1 1
github.com/Edge-Center/edgecentercloud-go/v2/instances.go:541.151,542.68 1 1
github.com/Edge-Center/edgecentercloud-go/v2/instances.go:542.68,544.3 1 0
github.com/Edge-Center/edgecentercloud-go/v2/instances.go:546.2,546.50 1 1
github.com/Edge-Center/edgecentercloud-go/v2/instances.go:546.50,548.3 1 0
github.com/Edge-Center/edgecentercloud-go/v2/instances.go:550.2,550.78 1 1
github.com/Edge-Center/edgecentercloud-go/v2/instances.go:554.124,555.68 1 1
github.com/Edge-Center/edgecentercloud-go/v2/instances.go:555.68,557.3 1 0
github.com/Edge-Center/edgecentercloud-go/v2/instances.go:559.2,559.50 1 1
github.com/Edge-Center/edgecentercloud-go/v2/instances.go:559.50,561.3 1 0
github.com/Edge-Center/edgecentercloud-go/v2/instances.go:563.2,567.16 4 1
github.com/Edge-Center/edgecentercloud-go/v2/instances.go:567.16,569.3 1 0
github.com/Edge-Center/edgecentercloud-go/v2/instances.go:571.2,571.35 1 1
github.com/Edge-Center/edgecentercloud-go/v2/instances.go:575.136,576.50 1 1
github.com/Edge-Center/edgecentercloud-go/v2/instances.go:576.50,578.3 1 0
github.com/Edge-Center/edgecentercloud-go/v2/instances.go:580.2,584.16 4 1
github.com/Edge-Center/edgecentercloud-go/v2/instances.go:584.16,586.3 1 0
github.com/Edge-Center/edgecentercloud-go/v2/instances.go:588.2,590.16 3 1
github.com/Edge-Center/edgecentercloud-go/v2/instances.go:590.16,592.3 1 1
github.com/Edge-Center/edgecentercloud-go/v2/instances.go:594.2,594.26 1 1
github.com/Edge-Center/edgecentercloud-go/v2/instances.go:598.155,599.20 1 1
github.com/Edge-Center/edgecentercloud-go/v2/instances.go:599.20,601.3 1 1
github.com/Edge-Center/edgecentercloud-go/v2/instances.go:603.2,603.68 1 1
github.com/Edge-Center/edgecentercloud-go/v2/instances.go:603.68,605.3 1 0
github.com/Edge-Center/edgecentercloud-go/v2/instances.go:607.2,607.50 1 1
github.com/Edge-Center/edgecentercloud-go/v2/instances.go:607.50,609.3 1 0
github.com/Edge-Center/edgecentercloud-go/v2/instances.go:611.2,615.16 4 1
github.com/Edge-Center/edgecentercloud-go/v2/instances.go:615.16,617.3 1 0
github.com/Edge-Center/edgecentercloud-go/v2/instances.go:619.2,621.16 3 1
github.com/Edge-Center/edgecentercloud-go/v2/instances.go:621.16,623.3 1 1
github.com/Edge-Center/edgecentercloud-go/v2/instances.go:625.2,625.25 1 1
github.com/Edge-Center/edgecentercloud-go/v2/instances.go:629.162,630.20 1 1
github.com/Edge-Center/edgecentercloud-go/v2/instances.go:630.20,632.3 1 1
github.com/Edge-Center/edgecentercloud-go/v2/instances.go:634.2,634.50 1 1
github.com/Edge-Center/edgecentercloud-go/v2/instances.go:634.50,636.3 1 0
github.com/Edge-Center/edgecentercloud-go/v2/instances.go:638.2,639.16 2 1
github.com/Edge-Center/edgecentercloud-go/v2/instances.go:639.16,641.3 1 0
github.com/Edge-Center/edgecentercloud-go/v2/instances.go:643.2,646.16 3 1
github.com/Edge-Center/edgecentercloud-go/v2/instances.go:646.16,648.3 1 0
github.com/Edge-Center/edgecentercloud-go/v2/instances.go:650.2,652.16 3 1
github.com/Edge-Center/edgecentercloud-go/v2/instances.go:652.16,654.3 1 1
github.com/Edge-Center/edgecentercloud-go/v2/instances.go:656.2,656.35 1 1
github.com/Edge-Center/edgecentercloud-go/v2/instances.go:660.146,661.68 1 1
github.com/Edge-Center/edgecentercloud-go/v2/instances.go:661.68,663.3 1 0
github.com/Edge-Center/edgecentercloud-go/v2/instances.go:665.2,665.50 1 1
github.com/Edge-Center/edgecentercloud-go/v2/instances.go:665.50,667.3 1 0
github.com/Edge-Center/edgecentercloud-go/v2/instances.go:669.2,671.16 3 1
github.com/Edge-Center/edgecentercloud-go/v2/instances.go:671.16,673.3 1 0
github.com/Edge-Center/edgecentercloud-go/v2/instances.go:675.2,676.16 2 1
github.com/Edge-Center/edgecentercloud-go/v2/instances.go:676.16,678.3 1 0
github.com/Edge-Center/edgecentercloud-go/v2/instances.go:680.2,682.16 3 1
github.com/Edge-Center/edgecentercloud-go/v2/instances.go:682.16,684.3 1 1
github.com/Edge-Center/edgecentercloud-go/v2/instances.go:686.2,686.35 1 1
github.com/Edge-Center/edgecentercloud-go/v2/instances.go:690.110,691.50 1 1
github.com/Edge-Center/edgecentercloud-go/v2/instances.go:691.50,693.3 1 0
github.com/Edge-Center/edgecentercloud-go/v2/instances.go:695.2,698.16 3 1
github.com/Edge-Center/edgecentercloud-go/v2/instances.go:698.16,700.3 1 0
github.com/Edge-Center/edgecentercloud-go/v2/instances.go:702.2,704.16 3 1
github.com/Edge-Center/edgecentercloud-go/v2/instances.go:704.16,706.3 1 1
github.com/Edge-Center/edgecentercloud-go/v2/instances.go:708.2,708.42 1 1
github.com/Edge-Center/edgecentercloud-go/v2/instances.go:712.122,713.68 1 1
github.com/Edge-Center/edgecentercloud-go/v2/instances.go:713.68,715.3 1 0
github.com/Edge-Center/edgecentercloud-go/v2/instances.go:717.2,717.20 1 1
github.com/Edge-Center/edgecentercloud-go/v2/instances.go:717.20,719.3 1 1
github.com/Edge-Center/edgecentercloud-go/v2/instances.go:721.2,721.50 1 1
github.com/Edge-Center/edgecentercloud-go/v2/instances.go:721.50,723.3 1 0
github.com/Edge-Center/edgecentercloud-go/v2/instances.go:725.2,728.16 3 1
github.com/Edge-Center/edgecentercloud-go/v2/instances.go:728.16,730.3 1 0
github.com/Edge-Center/edgecentercloud-go/v2/instances.go:732.2,734.16 3 1
github.com/Edge-Center/edgecentercloud-go/v2/instances.go:734.16,736.3 1 1
github.com/Edge-Center/edgecentercloud-go/v2/instances.go:738.2,738.28 1 1
github.com/Edge-Center/edgecentercloud-go/v2/instances.go:742.115,743.68 1 1
github.com/Edge-Center/edgecentercloud-go/v2/instances.go:743.68,745.3 1 0
github.com/Edge-Center/edgecentercloud-go/v2/instances.go:747.2,747.50 1 1
github.com/Edge-Center/edgecentercloud-go/v2/instances.go:747.50,749.3 1 0
github.com/Edge-Center/edgecentercloud-go/v2/instances.go:751.2,754.16 3 1
github.com/Edge-Center/edgecentercloud-go/v2/instances.go:754.16,756.3 1 0
github.com/Edge-Center/edgecentercloud-go/v2/instances.go:758.2,760.16 3 1
github.com/Edge-Center/edgecentercloud-go/v2/instances.go:760.16,762.3 1 1
github.com/Edge-Center/edgecentercloud-go/v2/instances.go:764.2,764.38 1 1
github.com/Edge-Center/edgecentercloud-go/v2/instances.go:768.114,769.68 1 1
github.com/Edge-Center/edgecentercloud-go/v2/instances.go:769.68,771.3 1 0
github.com/Edge-Center/edgecentercloud-go/v2/instances.go:773.2,773.50 1 1
github.com/Edge-Center/edgecentercloud-go/v2/instances.go:773.50,775.3 1 0
github.com/Edge-Center/edgecentercloud-go/v2/instances.go:777.2,780.16 3 1
github.com/Edge-Center/edgecentercloud-go/v2/instances.go:780.16,782.3 1 0
github.com/Edge-Center/edgecentercloud-go/v2/instances.go:784.2,786.16 3 1
github.com/Edge-Center/edgecentercloud-go/v2/instances.go:786.16,788.3 1 1
github.com/Edge-Center/edgecentercloud-go/v2/instances.go:790.2,790.28 1 1
github.com/Edge-Center/edgecentercloud-go/v2/instances.go:794.113,795.68 1 1
github.com/Edge-Center/edgecentercloud-go/v2/instances.go:795.68,797.3 1 0
github.com/Edge-Center/edgecentercloud-go/v2/instances.go:799.2,799.50 1 1
github.com/Edge-Center/edgecentercloud-go/v2/instances.go:799.50,801.3 1 0
github.com/Edge-Center/edgecentercloud-go/v2/instances.go:803.2,806.16 3 1
github.com/Edge-Center/edgecentercloud-go/v2/instances.go:806.16,808.3 1 0
github.com/Edge-Center/edgecentercloud-go/v2/instances.go:810.2,812.16 3 1
github.com/Edge-Center/edgecentercloud-go/v2/instances.go:812.16,814.3 1 1
github.com/Edge-Center/edgecentercloud-go/v2/instances.go:816.2,816.28 1 1
github.com/Edge-Center/edgecentercloud-go/v2/instances.go:820.119,821.68 1 1
github.com/Edge-Center/edgecentercloud-go/v2/instances.go:821.68,823.3 1 0
github.com/Edge-Center/edgecentercloud-go/v2/instances.go:825.2,825.50 1 1
github.com/Edge-Center/edgecentercloud-go/v2/instances.go:825.50,827.3 1 0
github.com/Edge-Center/edgecentercloud-go/v2/instances.go:829.2,832.16 3 1
github.com/Edge-Center/edgecentercloud-go/v2/instances.go:832.16,834.3 1 0
github.com/Edge-Center/edgecentercloud-go/v2/instances.go:836.2,838.16 3 1
github.com/Edge-Center/edgecentercloud-go/v2/instances.go:838.16,840.3 1 1
github.com/Edge-Center/edgecentercloud-go/v2/instances.go:842.2,842.28 1 1
github.com/Edge-Center/edgecentercloud-go/v2/instances.go:846.115,847.68 1 1
github.com/Edge-Center/edgecentercloud-go/v2/instances.go:847.68,849.3 1 0
github.com/Edge-Center/edgecentercloud-go/v2/instances.go:851.2,851.50 1 1
github.com/Edge-Center/edgecentercloud-go/v2/instances.go:851.50,853.3 1 0
github.com/Edge-Center/edgecentercloud-go/v2/instances.go:855.2,858.16 3 1
github.com/Edge-Center/edgecentercloud-go/v2/instances.go:858.16,860.3 1 0
github.com/Edge-Center/edgecentercloud-go/v2/instances.go:862.2,864.16 3 1
github.com/Edge-Center/edgecentercloud-go/v2/instances.go:864.16,866.3 1 1
github.com/Edge-Center/edgecentercloud-go/v2/instances.go:868.2,868.28 1 1
github.com/Edge-Center/edgecentercloud-go/v2/instances.go:872.116,873.68 1 1
github.com/Edge-Center/edgecentercloud-go/v2/instances.go:873.68,875.3 1 0
github.com/Edge-Center/edgecentercloud-go/v2/instances.go:877.2,877.50 1 1
github.com/Edge-Center/edgecentercloud-go/v2/instances.go:877.50,879.3 1 0
github.com/Edge-Center/edgecentercloud-go/v2/instances.go:881.2,884.16 3 1
github.com/Edge-Center/edgecentercloud-go/v2/instances.go:884.16,886.3 1 0
github.com/Edge-Center/edgecentercloud-go/v2/instances.go:888.2,890.16 3 1
github.com/Edge-Center/edgecentercloud-go/v2/instances.go:890.16,892.3 1 1
github.com/Edge-Center/edgecentercloud-go/v2/instances.go:894.2,894.28 1 1
github.com/Edge-Center/edgecentercloud-go/v2/instances.go:898.115,899.68 1 1
github.com/Edge-Center/edgecentercloud-go/v2/instances.go:899.68,901.3 1 0
github.com/Edge-Center/edgecentercloud-go/v2/instances.go:903.2,903.50 1 1
github.com/Edge-Center/edgecentercloud-go/v2/instances.go:903.50,905.3 1 0
github.com/Edge-Center/edgecentercloud-go/v2/instances.go:907.2,910.16 3 1
github.com/Edge-Center/edgecentercloud-go/v2/instances.go:910.16,912.3 1 0
github.com/Edge-Center/edgecentercloud-go/v2/instances.go:914.2,916.16 3 1
github.com/Edge-Center/edgecentercloud-go/v2/instances.go:916.16,918.3 1 1
github.com/Edge-Center/edgecentercloud-go/v2/instances.go:920.2,920.28 1 1
github.com/Edge-Center/edgecentercloud-go/v2/instances.go:924.157,925.68 1 1
github.com/Edge-Center/edgecentercloud-go/v2/instances.go:925.68,927.3 1 0
github.com/Edge-Center/edgecentercloud-go/v2/instances.go:929.2,929.50 1 1
github.com/Edge-Center/edgecentercloud-go/v2/instances.go:929.50,931.3 1 0
github.com/Edge-Center/edgecentercloud-go/v2/instances.go:933.2,936.16 3 1
github.com/Edge-Center/edgecentercloud-go/v2/instances.go:936.16,938.3 1 0
github.com/Edge-Center/edgecentercloud-go/v2/instances.go:940.2,942.16 3 1
github.com/Edge-Center/edgecentercloud-go/v2/instances.go:942.16,944.3 1 1
github.com/Edge-Center/edgecentercloud-go/v2/instances.go:946.2,946.40 1 1
github.com/Edge-Center/edgecentercloud-go/v2/instances.go:950.128,951.78 1 1
github.com/Edge-Center/edgecentercloud-go/v2/instances.go:951.78,953.3 1 0
github.com/Edge-Center/edgecentercloud-go/v2/instances.go:955.2,955.50 1 1
github.com/Edge-Center/edgecentercloud-go/v2/instances.go:955.50,957.3 1 0
github.com/Edge-Center/edgecentercloud-go/v2/instances.go:959.2,962.16 3 1
github.com/Edge-Center/edgecentercloud-go/v2/instances.go:962.16,964.3 1 0
github.com/Edge-Center/edgecentercloud-go/v2/instances.go:966.2,968.16 3 1
github.com/Edge-Center/edgecentercloud-go/v2/instances.go:968.16,970.3 1 1
github.com/Edge-Center/edgecentercloud-go/v2/instances.go:972.2,972.34 1 1
github.com/Edge-Center/edgecentercloud-go/v2/instances.go:976.117,977.68 1 1
github.com/Edge-Center/edgecentercloud-go/v2/instances.go:977.68,979.3 1 0
github.com/Edge-Center/edgecentercloud-go/v2/instances.go:981.2,981.50 1 1
github.com/Edge-Center/edgecentercloud-go/v2/instances.go:981.50,983.3 1 0
github.com/Edge-Center/edgecentercloud-go/v2/instances.go:985.2,988.16 3 1
github.com/Edge-Center/edgecentercloud-go/v2/instances.go:988.16,990.3 1 0
github.com/Edge-Center/edgecentercloud-go/v2/instances.go:992.2,994.16 3 1
github.com/Edge-Center/edgecentercloud-go/v2/instances.go:994.16,996.3 1 1
github.com/Edge-Center/edgecentercloud-go/v2/instances.go:998.2,998.32 1 1
github.com/Edge-Center/edgecentercloud-go/v2/instances.go:1002.146,1003.68 1 1
github.com/Edge-Center/edgecentercloud-go/v2/instances.go:1003.68,1005.3 1 0
github.com/Edge-Center/edgecentercloud-go/v2/instances.go:1007.2,1007.20 1 1
github.com/Edge-Center/edgecentercloud-go/v2/instances.go:1007.20,1009.3 1 1
github.com/Edge-Center/edgecentercloud-go/v2/instances.go:1011.2,1011.50 1 1
github.com/Edge-Center/edgecentercloud-go/v2/instances.go:1011.50,1013.3 1 0
github.com/Edge-Center/edgecentercloud-go/v2/instances.go:1015.2,1018.16 3 1
github.com/Edge-Center/edgecentercloud-go/v2/instances.go:1018.16,1020.3 1 0
github.com/Edge-Center/edgecentercloud-go/v2/instances.go:1022.2,1022.35 1 1
github.com/Edge-Center/edgecentercloud-go/v2/instances.go:1026.148,1027.68 1 1
github.com/Edge-Center/edgecentercloud-go/v2/instances.go:1027.68,1029.3 1 0
github.com/Edge-Center/edgecentercloud-go/v2/instances.go:1031.2,1031.20 1 1
github.com/Edge-Center/edgecentercloud-go/v2/instances.go:1031.20,1033.3 1 1
github.com/Edge-Center/edgecentercloud-go/v2/instances.go:1035.2,1035.50 1 1
github.com/Edge-Center/edgecentercloud-go/v2/instances.go:1035.50,1037.3 1 0
github.com/Edge-Center/edgecentercloud-go/v2/instances.go:1039.2,1042.16 3 1
github.com/Edge-Center/edgecentercloud-go/v2/instances.go:1042.16,1044.3 1 0
github.com/Edge-Center/edgecentercloud-go/v2/instances.go:1046.2,1046.35 1 1
github.com/Edge-Center/edgecentercloud-go/v2/instances.go:1050.116,1051.68 1 1
github.com/Edge-Center/edgecentercloud-go/v2/instances.go:1051.68,1053.3 1 0
github.com/Edge-Center/edgecentercloud-go/v2/instances.go:1055.2,1055.50 1 1
github.com/Edge-Center/edgecentercloud-go/v2/instances.go:1055.50,1057.3 1 0
github.com/Edge-Center/edgecentercloud-go/v2/instances.go:1059.2,1062.16 3 1
github.com/Edge-Center/edgecentercloud-go/v2/instances.go:1062.16,1064.3 1 0
github.com/Edge-Center/edgecentercloud-go/v2/instances.go:1066.2,1068.16 3 1
github.com/Edge-Center/edgecentercloud-go/v2/instances.go:1068.16,1070.3 1 1
github.com/Edge-Center/edgecentercloud-go/v2/instances.go:1072.2,1072.33 1 1
github.com/Edge-Center/edgecentercloud-go/v2/instances.go:1076.161,1077.20 1 1
github.com/Edge-Center/edgecentercloud-go/v2/instances.go:1077.20,1079.3 1 1
github.com/Edge-Center/edgecentercloud-go/v2/instances.go:1081.2,1081.68 1 1
github.com/Edge-Center/edgecentercloud-go/v2/instances.go:1081.68,1083.3 1 0
github.com/Edge-Center/edgecentercloud-go/v2/instances.go:1085.2,1085.50 1 1
github.com/Edge-Center/edgecentercloud-go/v2/instances.go:1085.50,1087.3 1 0
github.com/Edge-Center/edgecentercloud-go/v2/instances.go:1089.2,1093.16 4 1
github.com/Edge-Center/edgecentercloud-go/v2/instances.go:1093.16,1095.3 1 0
github.com/Edge-Center/edgecentercloud-go/v2/instances.go:1097.2,1099.16 3 1
github.com/Edge-Center/edgecentercloud-go/v2/instances.go:1099.16,1101.3 1 1
github.com/Edge-Center/edgecentercloud-go/v2/instances.go:1103.2,1103.25 1 1
github.com/Edge-Center/edgecentercloud-go/v2/instances.go:1107.161,1108.20 1 1
github.com/Edge-Center/edgecentercloud-go/v2/instances.go:1108.20,1110.3 1 1
github.com/Edge-Center/edgecentercloud-go/v2/instances.go:1112.2,1112.68 1 1
github.com/Edge-Center/edgecentercloud-go/v2/instances.go:1112.68,1114.3 1 0
github.com/Edge-Center/edgecentercloud-go/v2/instances.go:1116.2,1116.50 1 1
github.com/Edge-Center/edgecentercloud-go/v2/instances.go:1116.50,1118.3 1 0
github.com/Edge-Center/edgecentercloud-go/v2/instances.go:1120.2,1124.16 4 1
github.com/Edge-Center/edgecentercloud-go/v2/instances.go:1124.16,1126.3 1 0
github.com/Edge-Center/edgecentercloud-go/v2/instances.go:1128.2,1130.16 3 1
github.com/Edge-Center/edgecentercloud-go/v2/instances.go:1130.16,1132.3 1 1
github.com/Edge-Center/edgecentercloud-go/v2/instances.go:1134.2,1134.25 1 1
github.com/Edge-Center/edgecentercloud-go/v2/instances.go:1138.128,1139.68 1 1
github.com/Edge-Center/edgecentercloud-go/v2/instances.go:1139.68,1141.3 1 0
github.com/Edge-Center/edgecentercloud-go/v2/instances.go:1143.2,1143.50 1 1
github.com/Edge-Center/edgecentercloud-go/v2/instances.go:1143.50,1145.3 1 0
github.com/Edge-Center/edgecentercloud-go/v2/instances.go:1147.2,1150.16 3 1
github.com/Edge-Center/edgecentercloud-go/v2/instances.go:1150.16,1152.3 1 0
github.com/Edge-Center/edgecentercloud-go/v2/instances.go:1154.2,1156.16 3 1
github.com/Edge-Center/edgecentercloud-go/v2/instances.go:1156.16,1158.3 1 1
github.com/Edge-Center/edgecentercloud-go/v2/instances.go:1160.2,1160.41 1 1
github.com/Edge-Center/edgecentercloud-go/v2/instances.go:1164.167,1165.20 1 1
github.com/Edge-Center/edgecentercloud-go/v2/instances.go:1165.20,1167.3 1 1
github.com/Edge-Center/edgecentercloud-go/v2/instances.go:1169.2,1169.68 1 1
github.com/Edge-Center/edgecentercloud-go/v2/instances.go:1169.68,1171.3 1 0
github.com/Edge-Center/edgecentercloud-go/v2/instances.go:1173.2,1173.50 1 1
github.com/Edge-Center/edgecentercloud-go/v2/instances.go:1173.50,1175.3 1 0
github.com/Edge-Center/edgecentercloud-go/v2/instances.go:1177.2,1181.16 4 1
github.com/Edge-Center/edgecentercloud-go/v2/instances.go:1181.16,1183.3 1 0
github.com/Edge-Center/edgecentercloud-go/v2/instances.go:1185.2,1187.16 3 1
github.com/Edge-Center/edgecentercloud-go/v2/instances.go:1187.16,1189.3 1 1
github.com/Edge-Center/edgecentercloud-go/v2/instances.go:1191.2,1191.25 1 1
github.com/Edge-Center/edgecentercloud-go/v2/instances.go:1195.126,1196.68 1 1
github.com/Edge-Center/edgecentercloud-go/v2/instances.go:1196.68,1198.3 1 0
github.com/Edge-Center/edgecentercloud-go/v2/instances.go:1200.2,1200.50 1 1
github.com/Edge-Center/edgecentercloud-go/v2/instances.go:1200.50,1202.3 1 0
github.com/Edge-Center/edgecentercloud-go/v2/instances.go:1204.2,1208.16 4 1
github.com/Edge-Center/edgecentercloud-go/v2/instances.go:1208.16,1210.3 1 0
github.com/Edge-Center/edgecentercloud-go/v2/instances.go:1212.2,1214.16 3 1
github.com/Edge-Center/edgecentercloud-go/v2/instances.go:1214.16,1216.3 1 1
github.com/Edge-Center/edgecentercloud-go/v2/instances.go:1218.2,1218.25 1 1
github.com/Edge-Center/edgecentercloud-go/v2/keypairs.go:104.85,105.50 1 1
github.com/Edge-Center/edgecentercloud-go/v2/keypairs.go:105.50,107.3 1 0
github.com/Edge-Center/edgecentercloud-go/v2/keypairs.go:109.2,112.16 3 1
github.com/Edge-Center/edgecentercloud-go/v2/keypairs.go:112.16,114.3 1 0
github.com/Edge-Center/edgecentercloud-go/v2/keypairs.go:116.2,119.16 3 1
github.com/Edge-Center/edgecentercloud-go/v2/keypairs.go:119.16,121.3 1 0
github.com/Edge-Center/edgecentercloud-go/v2/keypairs.go:123.2,123.32 1 1
github.com/Edge-Center/edgecentercloud-go/v2/keypairs.go:127.118,129.16 2 1
github.com/Edge-Center/edgecentercloud-go/v2/keypairs.go:129.16,131.3 1 0
github.com/Edge-Center/edgecentercloud-go/v2/keypairs.go:133.2,134.16 2 1
github.com/Edge-Center/edgecentercloud-go/v2/keypairs.go:134.16,136.3 1 0
github.com/Edge-Center/edgecentercloud-go/v2/keypairs.go:138.2,141.16 3 1
github.com/Edge-Center/edgecentercloud-go/v2/keypairs.go:141.16,143.3 1 0
github.com/Edge-Center/edgecentercloud-go/v2/keypairs.go:145.2,145.32 1 1
github.com/Edge-Center/edgecentercloud-go/v2/keypairs.go:149.101,150.66 1 1
github.com/Edge-Center/edgecentercloud-go/v2/keypairs.go:150.66,152.3 1 0
github.com/Edge-Center/edgecentercloud-go/v2/keypairs.go:154.2,154.50 1 1
github.com/Edge-Center/edgecentercloud-go/v2/keypairs.go:154.50,156.3 1 0
github.com/Edge-Center/edgecentercloud-go/v2/keypairs.go:158.2,161.16 3 1
github.com/Edge-Center/edgecentercloud-go/v2/keypairs.go:161.16,163.3 1 0
github.com/Edge-Center/edgecentercloud-go/v2/keypairs.go:165.2,167.16 3 1
github.com/Edge-Center/edgecentercloud-go/v2/keypairs.go:167.16,169.3 1 0
github.com/Edge-Center/edgecentercloud-go/v2/keypairs.go:171.2,171.27 1 1
github.com/Edge-Center/edgecentercloud-go/v2/keypairs.go:175.105,176.66 1 1
github.com/Edge-Center/edgecentercloud-go/v2/keypairs.go:176.66,178.3 1 0
github.com/Edge-Center/edgecentercloud-go/v2/keypairs.go:180.2,180.50 1 1
github.com/Edge-Center/edgecentercloud-go/v2/keypairs.go:180.50,182.3 1 0
github.com/Edge-Center/edgecentercloud-go/v2/keypairs.go:184.2,187.16 3 1
github.com/Edge-Center/edgecentercloud-go/v2/keypairs.go:187.16,189.3 1 0
github.com/Edge-Center/edgecentercloud-go/v2/keypairs.go:191.2,194.16 3 1
github.com/Edge-Center/edgecentercloud-go/v2/keypairs.go:194.16,196.3 1 0
github.com/Edge-Center/edgecentercloud-go/v2/keypairs.go:198.2,198.27 1 1
github.com/Edge-Center/edgecentercloud-go/v2/keypairs.go:202.117,203.20 1 1
github.com/Edge-Center/edgecentercloud-go/v2/keypairs.go:203.20,205.3 1 0
github.com/Edge-Center/edgecentercloud-go/v2/keypairs.go:207.2,207.50 1 1
github.com/Edge-Center/edgecentercloud-go/v2/keypairs.go:207.50,209.3 1 0
github.com/Edge-Center/edgecentercloud-go/v2/keypairs.go:211.2,214.16 3 1
github.com/Edge-Center/edgecentercloud-go/v2/keypairs.go:214.16,216.3 1 0
github.com/Edge-Center/edgecentercloud-go/v2/keypairs.go:218.2,220.16 3 1
github.com/Edge-Center/edgecentercloud-go/v2/keypairs.go:220.16,222.3 1 0
github.com/Edge-Center/edgecentercloud-go/v2/keypairs.go:224.2,224.27 1 1
github.com/Edge-Center/edgecentercloud-go/v2/keypairs.go:227.123,228.20 1 1
github.com/Edge-Center/edgecentercloud-go/v2/keypairs.go:228.20,230.3 1 0
github.com/Edge-Center/edgecentercloud-go/v2/keypairs.go:232.2,232.50 1 1
github.com/Edge-Center/edgecentercloud-go/v2/keypairs.go:232.50,234.3 1 0
github.com/Edge-Center/edgecentercloud-go/v2/keypairs.go:236.2,237.16 2 1
github.com/Edge-Center/edgecentercloud-go/v2/keypairs.go:237.16,239.3 1 0
github.com/Edge-Center/edgecentercloud-go/v2/keypairs.go:241.2,244.16 3 1
github.com/Edge-Center/edgecentercloud-go/v2/keypairs.go:244.16,246.3 1 0
github.com/Edge-Center/edgecentercloud-go/v2/keypairs.go:248.2,248.27 1 1
github.com/Edge-Center/edgecentercloud-go/v2/keypairs.go:252.109,253.66 1 1
github.com/Edge-Center/edgecentercloud-go/v2/keypairs.go:253.66,255.3 1 0
[...]
github.com/Edge-Center/edgecentercloud-go/v2/subnets.go:313.20,315.3 1 1
github.com/Edge-Center/edgecentercloud-go/v2/subnets.go:317.2,317.50 1 1
github.com/Edge-Center/edgecentercloud-go/v2/subnets.go:317.50,319.3 1 0
github.com/Edge-Center/edgecentercloud-go/v2/subnets.go:321.2,324.16 3 1
github.com/Edge-Center/edgecentercloud-go/v2/subnets.go:324.16,326.3 1 0
github.com/Edge-Center/edgecentercloud-go/v2/subnets.go:328.2,330.16 3 1
github.com/Edge-Center/edgecentercloud-go/v2/subnets.go:330.16,332.3 1 1
github.com/Edge-Center/edgecentercloud-go/v2/subnets.go:334.2,334.30 1 1
github.com/Edge-Center/edgecentercloud-go/v2/subnets.go:338.126,339.72 1 1
github.com/Edge-Center/edgecentercloud-go/v2/subnets.go:339.72,341.3 1 1
github.com/Edge-Center/edgecentercloud-go/v2/subnets.go:343.2,343.50 1 1
github.com/Edge-Center/edgecentercloud-go/v2/subnets.go:343.50,345.3 1 0
github.com/Edge-Center/edgecentercloud-go/v2/subnets.go:347.2,347.69 1 1
github.com/Edge-Center/edgecentercloud-go/v2/subnets.go:351.127,352.72 1 1
github.com/Edge-Center/edgecentercloud-go/v2/subnets.go:352.72,354.3 1 1
github.com/Edge-Center/edgecentercloud-go/v2/subnets.go:356.2,356.50 1 1
github.com/Edge-Center/edgecentercloud-go/v2/subnets.go:356.50,358.3 1 0
github.com/Edge-Center/edgecentercloud-go/v2/subnets.go:360.2,360.80 1 1
github.com/Edge-Center/edgecentercloud-go/v2/subnets.go:364.127,365.72 1 1
github.com/Edge-Center/edgecentercloud-go/v2/subnets.go:365.72,367.3 1 1
github.com/Edge-Center/edgecentercloud-go/v2/subnets.go:369.2,369.50 1 1
github.com/Edge-Center/edgecentercloud-go/v2/subnets.go:369.50,371.3 1 0
github.com/Edge-Center/edgecentercloud-go/v2/subnets.go:373.2,373.80 1 1
github.com/Edge-Center/edgecentercloud-go/v2/subnets.go:377.139,378.72 1 1
github.com/Edge-Center/edgecentercloud-go/v2/subnets.go:378.72,380.3 1 1
github.com/Edge-Center/edgecentercloud-go/v2/subnets.go:382.2,382.50 1 1
github.com/Edge-Center/edgecentercloud-go/v2/subnets.go:382.50,384.3 1 0
github.com/Edge-Center/edgecentercloud-go/v2/subnets.go:386.2,386.81 1 1
github.com/Edge-Center/edgecentercloud-go/v2/subnets.go:390.155,391.72 1 1
github.com/Edge-Center/edgecentercloud-go/v2/subnets.go:391.72,393.3 1 1
github.com/Edge-Center/edgecentercloud-go/v2/subnets.go:395.2,395.50 1 1
github.com/Edge-Center/edgecentercloud-go/v2/subnets.go:395.50,397.3 1 0
github.com/Edge-Center/edgecentercloud-go/v2/subnets.go:399.2,399.78 1 1
github.com/Edge-Center/edgecentercloud-go/v2/tasks.go:108.85,109.50 1 1
github.com/Edge-Center/edgecentercloud-go/v2/tasks.go:109.50,111.3 1 0
github.com/Edge-Center/edgecentercloud-go/v2/tasks.go:113.2,116.16 3 1
github.com/Edge-Center/edgecentercloud-go/v2/tasks.go:116.16,118.3 1 0
github.com/Edge-Center/edgecentercloud-go/v2/tasks.go:120.2,122.16 3 1
github.com/Edge-Center/edgecentercloud-go/v2/tasks.go:122.16,124.3 1 0
github.com/Edge-Center/edgecentercloud-go/v2/tasks.go:126.2,126.31 1 1
github.com/Edge-Center/edgecentercloud-go/v2/tasks.go:130.100,131.60 1 1
github.com/Edge-Center/edgecentercloud-go/v2/tasks.go:131.60,133.3 1 0
github.com/Edge-Center/edgecentercloud-go/v2/tasks.go:135.2,138.16 3 1
github.com/Edge-Center/edgecentercloud-go/v2/tasks.go:138.16,140.3 1 0
github.com/Edge-Center/edgecentercloud-go/v2/tasks.go:142.2,144.16 3 1
github.com/Edge-Center/edgecentercloud-go/v2/tasks.go:144.16,146.3 1 0
github.com/Edge-Center/edgecentercloud-go/v2/tasks.go:148.2,148.24 1 1
github.com/Edge-Center/edgecentercloud-go/v2/tasks.go:152.114,156.16 3 1
github.com/Edge-Center/edgecentercloud-go/v2/tasks.go:156.16,158.3 1 0
github.com/Edge-Center/edgecentercloud-go/v2/tasks.go:160.2,161.16 2 1
github.com/Edge-Center/edgecentercloud-go/v2/tasks.go:161.16,163.3 1 0
github.com/Edge-Center/edgecentercloud-go/v2/tasks.go:165.2,165.35 1 1
github.com/Edge-Center/edgecentercloud-go/v2/tasks.go:169.92,170.60 1 1
github.com/Edge-Center/edgecentercloud-go/v2/tasks.go:170.60,172.3 1 0
github.com/Edge-Center/edgecentercloud-go/v2/tasks.go:174.2,177.16 3 1
github.com/Edge-Center/edgecentercloud-go/v2/tasks.go:177.16,179.3 1 0
github.com/Edge-Center/edgecentercloud-go/v2/tasks.go:181.2,183.16 3 1
github.com/Edge-Center/edgecentercloud-go/v2/tasks.go:183.16,185.3 1 0
github.com/Edge-Center/edgecentercloud-go/v2/tasks.go:187.2,187.24 1 1
github.com/Edge-Center/edgecentercloud-go/v2/tasks.go:191.102,193.16 2 1
github.com/Edge-Center/edgecentercloud-go/v2/tasks.go:193.16,195.3 1 0
github.com/Edge-Center/edgecentercloud-go/v2/tasks.go:197.2,198.16 2 1
github.com/Edge-Center/edgecentercloud-go/v2/tasks.go:198.16,200.3 1 0
github.com/Edge-Center/edgecentercloud-go/v2/tasks.go:202.2,204.16 3 1
github.com/Edge-Center/edgecentercloud-go/v2/tasks.go:204.16,206.3 1 0
github.com/Edge-Center/edgecentercloud-go/v2/tasks.go:208.2,208.31 1 1
github.com/Edge-Center/edgecentercloud-go/v2/useractions.go:85.112,89.16 3 1
github.com/Edge-Center/edgecentercloud-go/v2/useractions.go:89.16,91.3 1 0
github.com/Edge-Center/edgecentercloud-go/v2/useractions.go:93.2,95.16 3 1
github.com/Edge-Center/edgecentercloud-go/v2/useractions.go:95.16,97.3 1 0
github.com/Edge-Center/edgecentercloud-go/v2/useractions.go:99.2,99.27 1 1
github.com/Edge-Center/edgecentercloud-go/v2/useractions.go:103.114,107.16 3 1
github.com/Edge-Center/edgecentercloud-go/v2/useractions.go:107.16,109.3 1 0
github.com/Edge-Center/edgecentercloud-go/v2/useractions.go:111.2,113.16 3 1
github.com/Edge-Center/edgecentercloud-go/v2/useractions.go:113.16,115.3 1 0
github.com/Edge-Center/edgecentercloud-go/v2/useractions.go:117.2,117.28 1 1
github.com/Edge-Center/edgecentercloud-go/v2/useractions.go:121.124,122.20 1 1
github.com/Edge-Center/edgecentercloud-go/v2/useractions.go:122.20,124.3 1 0
github.com/Edge-Center/edgecentercloud-go/v2/useractions.go:126.2,129.16 3 1
github.com/Edge-Center/edgecentercloud-go/v2/useractions.go:129.16,131.3 1 0
github.com/Edge-Center/edgecentercloud-go/v2/useractions.go:133.2,134.16 2 1
github.com/Edge-Center/edgecentercloud-go/v2/useractions.go:134.16,136.3 1 0
github.com/Edge-Center/edgecentercloud-go/v2/useractions.go:138.2,138.18 1 1
github.com/Edge-Center/edgecentercloud-go/v2/useractions.go:142.87,146.16 3 1
github.com/Edge-Center/edgecentercloud-go/v2/useractions.go:146.16,148.3 1 0
github.com/Edge-Center/edgecentercloud-go/v2/useractions.go:150.2,151.16 2 1
github.com/Edge-Center/edgecentercloud-go/v2/useractions.go:151.16,153.3 1 0
github.com/Edge-Center/edgecentercloud-go/v2/useractions.go:155.2,155.18 1 1
github.com/Edge-Center/edgecentercloud-go/v2/useractions.go:159.126,160.20 1 1
github.com/Edge-Center/edgecentercloud-go/v2/useractions.go:160.20,162.3 1 0
github.com/Edge-Center/edgecentercloud-go/v2/useractions.go:164.2,167.16 3 1
github.com/Edge-Center/edgecentercloud-go/v2/useractions.go:167.16,169.3 1 0
github.com/Edge-Center/edgecentercloud-go/v2/useractions.go:171.2,172.16 2 1
github.com/Edge-Center/edgecentercloud-go/v2/useractions.go:172.16,174.3 1 0
github.com/Edge-Center/edgecentercloud-go/v2/useractions.go:176.2,176.18 1 1
github.com/Edge-Center/edgecentercloud-go/v2/useractions.go:180.88,184.16 3 1
github.com/Edge-Center/edgecentercloud-go/v2/useractions.go:184.16,186.3 1 0
github.com/Edge-Center/edgecentercloud-go/v2/useractions.go:188.2,189.16 2 1
github.com/Edge-Center/edgecentercloud-go/v2/useractions.go:189.16,191.3 1 0
github.com/Edge-Center/edgecentercloud-go/v2/useractions.go:193.2,193.18 1 1
github.com/Edge-Center/edgecentercloud-go/v2/users.go:92.102,94.16 2 1
github.com/Edge-Center/edgecentercloud-go/v2/users.go:94.16,96.3 1 0
github.com/Edge-Center/edgecentercloud-go/v2/users.go:98.2,99.16 2 1
github.com/Edge-Center/edgecentercloud-go/v2/users.go:99.16,101.3 1 0
github.com/Edge-Center/edgecentercloud-go/v2/users.go:103.2,105.16 3 1
github.com/Edge-Center/edgecentercloud-go/v2/users.go:105.16,107.3 1 0
github.com/Edge-Center/edgecentercloud-go/v2/users.go:109.2,109.35 1 1
github.com/Edge-Center/edgecentercloud-go/v2/users.go:113.115,115.16 2 1
github.com/Edge-Center/edgecentercloud-go/v2/users.go:115.16,117.3 1 0
github.com/Edge-Center/edgecentercloud-go/v2/users.go:119.2,120.16 2 1
github.com/Edge-Center/edgecentercloud-go/v2/users.go:120.16,122.3 1 0
github.com/Edge-Center/edgecentercloud-go/v2/users.go:124.2,126.16 3 1
github.com/Edge-Center/edgecentercloud-go/v2/users.go:126.16,128.3 1 0
github.com/Edge-Center/edgecentercloud-go/v2/users.go:130.2,130.28 1 1
github.com/Edge-Center/edgecentercloud-go/v2/users.go:134.126,136.16 2 1
github.com/Edge-Center/edgecentercloud-go/v2/users.go:136.16,138.3 1 0
github.com/Edge-Center/edgecentercloud-go/v2/users.go:140.2,141.16 2 1
github.com/Edge-Center/edgecentercloud-go/v2/users.go:141.16,143.3 1 0
github.com/Edge-Center/edgecentercloud-go/v2/users.go:145.2,147.16 3 1
github.com/Edge-Center/edgecentercloud-go/v2/users.go:147.16,149.3 1 0
github.com/Edge-Center/edgecentercloud-go/v2/users.go:151.2,151.55 1 1
github.com/Edge-Center/edgecentercloud-go/v2/users.go:155.101,159.16 3 1
github.com/Edge-Center/edgecentercloud-go/v2/users.go:159.16,161.3 1 0
github.com/Edge-Center/edgecentercloud-go/v2/users.go:163.2,163.35 1 1
github.com/Edge-Center/edgecentercloud-go/v2/users.go:167.135,168.20 1 1
github.com/Edge-Center/edgecentercloud-go/v2/users.go:168.20,170.3 1 0
github.com/Edge-Center/edgecentercloud-go/v2/users.go:172.2,175.16 3 1
github.com/Edge-Center/edgecentercloud-go/v2/users.go:175.16,177.3 1 0
github.com/Edge-Center/edgecentercloud-go/v2/users.go:179.2,179.35 1 1
github.com/Edge-Center/edgecentercloud-go/v2/users.go:183.122,184.20 1 1
github.com/Edge-Center/edgecentercloud-go/v2/users.go:184.20,186.3 1 0
github.com/Edge-Center/edgecentercloud-go/v2/users.go:188.2,191.16 3 1
github.com/Edge-Center/edgecentercloud-go/v2/users.go:191.16,193.3 1 0
github.com/Edge-Center/edgecentercloud-go/v2/users.go:195.2,197.16 3 1
github.com/Edge-Center/edgecentercloud-go/v2/users.go:197.16,199.3 1 0
github.com/Edge-Center/edgecentercloud-go/v2/users.go:201.2,201.28 1 1
github.com/Edge-Center/edgecentercloud-go/v2/uuid.go:10.54,11.42 1 1
github.com/Edge-Center/edgecentercloud-go/v2/uuid.go:11.42,18.3 1 1
github.com/Edge-Center/edgecentercloud-go/v2/uuid.go:20.2,20.17 1 1
github.com/Edge-Center/edgecentercloud-go/v2/volumes.go:190.108,191.50 1 1
github.com/Edge-Center/edgecentercloud-go/v2/volumes.go:191.50,193.3 1 0
github.com/Edge-Center/edgecentercloud-go/v2/volumes.go:195.2,197.16 3 1
github.com/Edge-Center/edgecentercloud-go/v2/volumes.go:197.16,199.3 1 0
github.com/Edge-Center/edgecentercloud-go/v2/volumes.go:201.2,202.16 2 1
github.com/Edge-Center/edgecentercloud-go/v2/volumes.go:202.16,204.3 1 0
github.com/Edge-Center/edgecentercloud-go/v2/volumes.go:206.2,208.16 3 1
github.com/Edge-Center/edgecentercloud-go/v2/volumes.go:208.16,210.3 1 1
github.com/Edge-Center/edgecentercloud-go/v2/volumes.go:212.2,212.31 1 1
github.com/Edge-Center/edgecentercloud-go/v2/volumes.go:216.98,217.64 1 1
github.com/Edge-Center/edgecentercloud-go/v2/volumes.go:217.64,219.3 1 1
github.com/Edge-Center/edgecentercloud-go/v2/volumes.go:221.2,221.50 1 1
github.com/Edge-Center/edgecentercloud-go/v2/volumes.go:221.50,223.3 1 0
github.com/Edge-Center/edgecentercloud-go/v2/volumes.go:225.2,228.16 3 1
github.com/Edge-Center/edgecentercloud-go/v2/volumes.go:228.16,230.3 1 0
github.com/Edge-Center/edgecentercloud-go/v2/volumes.go:232.2,234.16 3 1
github.com/Edge-Center/edgecentercloud-go/v2/volumes.go:234.16,236.3 1 1
github.com/Edge-Center/edgecentercloud-go/v2/volumes.go:238.2,238.26 1 1
github.com/Edge-Center/edgecentercloud-go/v2/volumes.go:243.38,245.2 1 0
github.com/Edge-Center/edgecentercloud-go/v2/volumes.go:247.38,248.12 1 0
github.com/Edge-Center/edgecentercloud-go/v2/volumes.go:249.120,250.13 1 0
github.com/Edge-Center/edgecentercloud-go/v2/volumes.go:252.2,252.54 1 0
github.com/Edge-Center/edgecentercloud-go/v2/volumes.go:255.56,256.23 1 0
github.com/Edge-Center/edgecentercloud-go/v2/volumes.go:256.23,258.3 1 0
github.com/Edge-Center/edgecentercloud-go/v2/volumes.go:259.2,260.16 2 0
github.com/Edge-Center/edgecentercloud-go/v2/volumes.go:260.16,262.3 1 0
github.com/Edge-Center/edgecentercloud-go/v2/volumes.go:264.2,264.17 1 0
github.com/Edge-Center/edgecentercloud-go/v2/volumes.go:268.120,269.20 1 1
github.com/Edge-Center/edgecentercloud-go/v2/volumes.go:269.20,271.3 1 1
github.com/Edge-Center/edgecentercloud-go/v2/volumes.go:273.2,273.50 1 1
github.com/Edge-Center/edgecentercloud-go/v2/volumes.go:273.50,275.3 1 0
github.com/Edge-Center/edgecentercloud-go/v2/volumes.go:277.2,280.16 3 1
github.com/Edge-Center/edgecentercloud-go/v2/volumes.go:280.16,282.3 1 0
github.com/Edge-Center/edgecentercloud-go/v2/volumes.go:284.2,286.16 3 1
github.com/Edge-Center/edgecentercloud-go/v2/volumes.go:286.16,288.3 1 1
github.com/Edge-Center/edgecentercloud-go/v2/volumes.go:290.2,290.25 1 1
github.com/Edge-Center/edgecentercloud-go/v2/volumes.go:294.107,295.64 1 1
github.com/Edge-Center/edgecentercloud-go/v2/volumes.go:295.64,297.3 1 1
github.com/Edge-Center/edgecentercloud-go/v2/volumes.go:299.2,299.50 1 1
github.com/Edge-Center/edgecentercloud-go/v2/volumes.go:299.50,301.3 1 0
github.com/Edge-Center/edgecentercloud-go/v2/volumes.go:303.2,306.16 3 1
github.com/Edge-Center/edgecentercloud-go/v2/volumes.go:306.16,308.3 1 0
github.com/Edge-Center/edgecentercloud-go/v2/volumes.go:310.2,312.16 3 1
github.com/Edge-Center/edgecentercloud-go/v2/volumes.go:312.16,314.3 1 1
github.com/Edge-Center/edgecentercloud-go/v2/volumes.go:316.2,316.25 1 1
github.com/Edge-Center/edgecentercloud-go/v2/volumes.go:320.139,321.64 1 1
github.com/Edge-Center/edgecentercloud-go/v2/volumes.go:321.64,323.3 1 1
github.com/Edge-Center/edgecentercloud-go/v2/volumes.go:325.2,325.20 1 1
github.com/Edge-Center/edgecentercloud-go/v2/volumes.go:325.20,327.3 1 1
github.com/Edge-Center/edgecentercloud-go/v2/volumes.go:329.2,329.50 1 1
github.com/Edge-Center/edgecentercloud-go/v2/volumes.go:329.50,331.3 1 0
github.com/Edge-Center/edgecentercloud-go/v2/volumes.go:333.2,336.16 3 1
github.com/Edge-Center/edgecentercloud-go/v2/volumes.go:336.16,338.3 1 0
github.com/Edge-Center/edgecentercloud-go/v2/volumes.go:340.2,342.16 3 1
github.com/Edge-Center/edgecentercloud-go/v2/volumes.go:342.16,344.3 1 1
github.com/Edge-Center/edgecentercloud-go/v2/volumes.go:346.2,346.26 1 1
github.com/Edge-Center/edgecentercloud-go/v2/volumes.go:350.141,351.64 1 1
github.com/Edge-Center/edgecentercloud-go/v2/volumes.go:351.64,353.3 1 1
github.com/Edge-Center/edgecentercloud-go/v2/volumes.go:355.2,355.20 1 1
github.com/Edge-Center/edgecentercloud-go/v2/volumes.go:355.20,357.3 1 1
github.com/Edge-Center/edgecentercloud-go/v2/volumes.go:359.2,359.50 1 1
github.com/Edge-Center/edgecentercloud-go/v2/volumes.go:359.50,361.3 1 0
github.com/Edge-Center/edgecentercloud-go/v2/volumes.go:363.2,366.16 3 1
github.com/Edge-Center/edgecentercloud-go/v2/volumes.go:366.16,368.3 1 0
github.com/Edge-Center/edgecentercloud-go/v2/volumes.go:370.2,372.16 3 1
github.com/Edge-Center/edgecentercloud-go/v2/volumes.go:372.16,374.3 1 1
github.com/Edge-Center/edgecentercloud-go/v2/volumes.go:376.2,376.25 1 1
github.com/Edge-Center/edgecentercloud-go/v2/volumes.go:380.116,381.64 1 1
github.com/Edge-Center/edgecentercloud-go/v2/volumes.go:381.64,383.3 1 1
github.com/Edge-Center/edgecentercloud-go/v2/volumes.go:385.2,385.20 1 1
github.com/Edge-Center/edgecentercloud-go/v2/volumes.go:385.20,387.3 1 1
github.com/Edge-Center/edgecentercloud-go/v2/volumes.go:389.2,389.50 1 1
github.com/Edge-Center/edgecentercloud-go/v2/volumes.go:389.50,391.3 1 0
github.com/Edge-Center/edgecentercloud-go/v2/volumes.go:393.2,396.16 3 1
github.com/Edge-Center/edgecentercloud-go/v2/volumes.go:396.16,398.3 1 0
github.com/Edge-Center/edgecentercloud-go/v2/volumes.go:400.2,402.16 3 1
github.com/Edge-Center/edgecentercloud-go/v2/volumes.go:402.16,404.3 1 1
github.com/Edge-Center/edgecentercloud-go/v2/volumes.go:406.2,406.26 1 1
github.com/Edge-Center/edgecentercloud-go/v2/volumes.go:410.131,411.64 1 1
github.com/Edge-Center/edgecentercloud-go/v2/volumes.go:411.64,413.3 1 1
github.com/Edge-Center/edgecentercloud-go/v2/volumes.go:415.2,415.20 1 1
github.com/Edge-Center/edgecentercloud-go/v2/volumes.go:415.20,417.3 1 1
github.com/Edge-Center/edgecentercloud-go/v2/volumes.go:419.2,419.50 1 1
github.com/Edge-Center/edgecentercloud-go/v2/volumes.go:419.50,421.3 1 0
github.com/Edge-Center/edgecentercloud-go/v2/volumes.go:423.2,426.16 3 1
github.com/Edge-Center/edgecentercloud-go/v2/volumes.go:426.16,428.3 1 0
github.com/Edge-Center/edgecentercloud-go/v2/volumes.go:430.2,432.16 3 1
github.com/Edge-Center/edgecentercloud-go/v2/volumes.go:432.16,434.3 1 1
github.com/Edge-Center/edgecentercloud-go/v2/volumes.go:436.2,436.26 1 1
github.com/Edge-Center/edgecentercloud-go/v2/volumes.go:440.131,441.64 1 1
github.com/Edge-Center/edgecentercloud-go/v2/volumes.go:441.64,443.3 1 1
github.com/Edge-Center/edgecentercloud-go/v2/volumes.go:445.2,445.20 1 1
github.com/Edge-Center/edgecentercloud-go/v2/volumes.go:445.20,447.3 1 1
github.com/Edge-Center/edgecentercloud-go/v2/volumes.go:449.2,449.50 1 1
github.com/Edge-Center/edgecentercloud-go/v2/volumes.go:449.50,451.3 1 0
github.com/Edge-Center/edgecentercloud-go/v2/volumes.go:453.2,456.16 3 1
github.com/Edge-Center/edgecentercloud-go/v2/volumes.go:456.16,458.3 1 0
github.com/Edge-Center/edgecentercloud-go/v2/volumes.go:460.2,462.16 3 1
github.com/Edge-Center/edgecentercloud-go/v2/volumes.go:462.16,464.3 1 1
github.com/Edge-Center/edgecentercloud-go/v2/volumes.go:466.2,466.26 1 1
github.com/Edge-Center/edgecentercloud-go/v2/volumes.go:470.107,471.64 1 1
github.com/Edge-Center/edgecentercloud-go/v2/volumes.go:471.64,473.3 1 1
github.com/Edge-Center/edgecentercloud-go/v2/volumes.go:475.2,475.50 1 1
github.com/Edge-Center/edgecentercloud-go/v2/volumes.go:475.50,477.3 1 0
github.com/Edge-Center/edgecentercloud-go/v2/volumes.go:479.2,482.16 3 1
github.com/Edge-Center/edgecentercloud-go/v2/volumes.go:482.16,484.3 1 0
github.com/Edge-Center/edgecentercloud-go/v2/volumes.go:486.2,488.16 3 1
github.com/Edge-Center/edgecentercloud-go/v2/volumes.go:488.16,490.3 1 1
github.com/Edge-Center/edgecentercloud-go/v2/volumes.go:492.2,492.25 1 1
github.com/Edge-Center/edgecentercloud-go/v2/volumes.go:496.118,497.64 1 1
github.com/Edge-Center/edgecentercloud-go/v2/volumes.go:497.64,499.3 1 1
github.com/Edge-Center/edgecentercloud-go/v2/volumes.go:501.2,501.50 1 1
github.com/Edge-Center/edgecentercloud-go/v2/volumes.go:501.50,503.3 1 0
github.com/Edge-Center/edgecentercloud-go/v2/volumes.go:505.2,505.65 1 1
github.com/Edge-Center/edgecentercloud-go/v2/volumes.go:509.119,510.64 1 1
github.com/Edge-Center/edgecentercloud-go/v2/volumes.go:510.64,512.3 1 1
github.com/Edge-Center/edgecentercloud-go/v2/volumes.go:514.2,514.50 1 1
github.com/Edge-Center/edgecentercloud-go/v2/volumes.go:514.50,516.3 1 0
github.com/Edge-Center/edgecentercloud-go/v2/volumes.go:518.2,518.76 1 1
github.com/Edge-Center/edgecentercloud-go/v2/volumes.go:522.119,523.64 1 1
github.com/Edge-Center/edgecentercloud-go/v2/volumes.go:523.64,525.3 1 1
github.com/Edge-Center/edgecentercloud-go/v2/volumes.go:527.2,527.50 1 1
github.com/Edge-Center/edgecentercloud-go/v2/volumes.go:527.50,529.3 1 0
github.com/Edge-Center/edgecentercloud-go/v2/volumes.go:531.2,531.76 1 1
github.com/Edge-Center/edgecentercloud-go/v2/volumes.go:535.131,536.64 1 1
github.com/Edge-Center/edgecentercloud-go/v2/volumes.go:536.64,538.3 1 1
github.com/Edge-Center/edgecentercloud-go/v2/volumes.go:540.2,540.50 1 1
github.com/Edge-Center/edgecentercloud-go/v2/volumes.go:540.50,542.3 1 0
github.com/Edge-Center/edgecentercloud-go/v2/volumes.go:544.2,544.77 1 1
github.com/Edge-Center/edgecentercloud-go/v2/volumes.go:548.147,549.64 1 1
github.com/Edge-Center/edgecentercloud-go/v2/volumes.go:549.64,551.3 1 1
github.com/Edge-Center/edgecentercloud-go/v2/volumes.go:553.2,553.50 1 1
github.com/Edge-Center/edgecentercloud-go/v2/volumes.go:553.50,555.3 1 0
github.com/Edge-Center/edgecentercloud-go/v2/volumes.go:557.2,557.74 1 1
